2022-05-10T17:52:40+00:00 ERR (3): PDOException: SQLSTATE[HY000]: General error: 1366 Incorrect integer value: 'show_in_us' for column 'attribute_id' at row 1 in C:\wamp64\www\soundproof-glass-configurator\library\Zend\Db\Statement\Pdo.php:228
Stack trace:
#0 C:\wamp64\www\soundproof-glass-configurator\library\Zend\Db\Statement\Pdo.php(228): PDOStatement->execute(Array)
#1 C:\wamp64\www\soundproof-glass-configurator\library\Zend\Db\Statement.php(300): Zend_Db_Statement_Pdo->_execute(Array)
#2 C:\wamp64\www\soundproof-glass-configurator\library\Zend\Db\Adapter\Abstract.php(479): Zend_Db_Statement->execute(Array)
#3 C:\wamp64\www\soundproof-glass-configurator\library\Zend\Db\Adapter\Pdo\Abstract.php(238): Zend_Db_Adapter_Abstract->query('INSERT INTO `an...', Array)
#4 C:\wamp64\www\soundproof-glass-configurator\library\Zend\Db\Adapter\Abstract.php(574): Zend_Db_Adapter_Pdo_Abstract->query('INSERT INTO `an...', Array)
#5 C:\wamp64\www\soundproof-glass-configurator\library\Zend\Db\Table\Abstract.php(1052): Zend_Db_Adapter_Abstract->insert('anastomosis_att...', Array)
#6 C:\wamp64\www\soundproof-glass-configurator\application\models\Anastomosis\DbTable.php(196): Zend_Db_Table_Abstract->insert(Array)
#7 C:\wamp64\www\soundproof-glass-configurator\application\modules\admin\controllers\AnastomosisController.php(183): App_Model_Anastomosis_DbTable->edit(Array, '208', 0)
#8 C:\wamp64\www\soundproof-glass-configurator\library\Zend\Controller\Action.php(513): Admin_AnastomosisController->editAction()
#9 C:\wamp64\www\soundproof-glass-configurator\library\Zend\Controller\Dispatcher\Standard.php(295): Zend_Controller_Action->dispatch('editAction')
#10 C:\wamp64\www\soundproof-glass-configurator\library\Zend\Controller\Front.php(954): Zend_Controller_Dispatcher_Standard->dispatch(Object(Zend_Controller_Request_Http), Object(Zend_Controller_Response_Http))
#11 C:\wamp64\www\soundproof-glass-configurator\library\Zend\Application\Bootstrap\Bootstrap.php(97): Zend_Controller_Front->dispatch()
#12 C:\wamp64\www\soundproof-glass-configurator\library\Zend\Application.php(367): Zend_Application_Bootstrap_Bootstrap->run()
#13 C:\wamp64\www\soundproof-glass-configurator\public\index.php(6): Zend_Application->run()
#14 {main}

Next Zend_Db_Statement_Exception: SQLSTATE[HY000]: General error: 1366 Incorrect integer value: 'show_in_us' for column 'attribute_id' at row 1 in C:\wamp64\www\soundproof-glass-configurator\library\Zend\Db\Statement\Pdo.php:234
Stack trace:
#0 C:\wamp64\www\soundproof-glass-configurator\library\Zend\Db\Statement.php(300): Zend_Db_Statement_Pdo->_execute(Array)
#1 C:\wamp64\www\soundproof-glass-configurator\library\Zend\Db\Adapter\Abstract.php(479): Zend_Db_Statement->execute(Array)
#2 C:\wamp64\www\soundproof-glass-configurator\library\Zend\Db\Adapter\Pdo\Abstract.php(238): Zend_Db_Adapter_Abstract->query('INSERT INTO `an...', Array)
#3 C:\wamp64\www\soundproof-glass-configurator\library\Zend\Db\Adapter\Abstract.php(574): Zend_Db_Adapter_Pdo_Abstract->query('INSERT INTO `an...', Array)
#4 C:\wamp64\www\soundproof-glass-configurator\library\Zend\Db\Table\Abstract.php(1052): Zend_Db_Adapter_Abstract->insert('anastomosis_att...', Array)
#5 C:\wamp64\www\soundproof-glass-configurator\application\models\Anastomosis\DbTable.php(196): Zend_Db_Table_Abstract->insert(Array)
#6 C:\wamp64\www\soundproof-glass-configurator\application\modules\admin\controllers\AnastomosisController.php(183): App_Model_Anastomosis_DbTable->edit(Array, '208', 0)
#7 C:\wamp64\www\soundproof-glass-configurator\library\Zend\Controller\Action.php(513): Admin_AnastomosisController->editAction()
#8 C:\wamp64\www\soundproof-glass-configurator\library\Zend\Controller\Dispatcher\Standard.php(295): Zend_Controller_Action->dispatch('editAction')
#9 C:\wamp64\www\soundproof-glass-configurator\library\Zend\Controller\Front.php(954): Zend_Controller_Dispatcher_Standard->dispatch(Object(Zend_Controller_Request_Http), Object(Zend_Controller_Response_Http))
#10 C:\wamp64\www\soundproof-glass-configurator\library\Zend\Application\Bootstrap\Bootstrap.php(97): Zend_Controller_Front->dispatch()
#11 C:\wamp64\www\soundproof-glass-configurator\library\Zend\Application.php(367): Zend_Application_Bootstrap_Bootstrap->run()
#12 C:\wamp64\www\soundproof-glass-configurator\public\index.php(6): Zend_Application->run()
#13 {main}
2022-05-12T09:39:39+00:00 ERR (3): PDOException: SQLSTATE[HY000]: General error: 1364 Field 'type' doesn't have a default value in C:\wamp64\www\soundproof-glass-configurator\library\Zend\Db\Statement\Pdo.php:228
Stack trace:
#0 C:\wamp64\www\soundproof-glass-configurator\library\Zend\Db\Statement\Pdo.php(228): PDOStatement->execute(Array)
#1 C:\wamp64\www\soundproof-glass-configurator\library\Zend\Db\Statement.php(300): Zend_Db_Statement_Pdo->_execute(Array)
#2 C:\wamp64\www\soundproof-glass-configurator\library\Zend\Db\Adapter\Abstract.php(479): Zend_Db_Statement->execute(Array)
#3 C:\wamp64\www\soundproof-glass-configurator\library\Zend\Db\Adapter\Pdo\Abstract.php(238): Zend_Db_Adapter_Abstract->query('INSERT INTO `at...', Array)
#4 C:\wamp64\www\soundproof-glass-configurator\library\Zend\Db\Adapter\Abstract.php(574): Zend_Db_Adapter_Pdo_Abstract->query('INSERT INTO `at...', Array)
#5 C:\wamp64\www\soundproof-glass-configurator\library\Zend\Db\Table\Abstract.php(1052): Zend_Db_Adapter_Abstract->insert('attributes', Array)
#6 C:\wamp64\www\soundproof-glass-configurator\library\Orion\Model\DbTable.php(71): Zend_Db_Table_Abstract->insert(Array)
#7 C:\wamp64\www\soundproof-glass-configurator\application\models\Attributes\DbTable.php(27): Orion_Model_DbTable->create(Array, NULL, true)
#8 C:\wamp64\www\soundproof-glass-configurator\application\modules\admin\controllers\AttributesController.php(57): App_Model_Attributes_DbTable->create(Array)
#9 C:\wamp64\www\soundproof-glass-configurator\library\Zend\Controller\Action.php(513): Admin_AttributesController->addAction()
#10 C:\wamp64\www\soundproof-glass-configurator\library\Zend\Controller\Dispatcher\Standard.php(295): Zend_Controller_Action->dispatch('addAction')
#11 C:\wamp64\www\soundproof-glass-configurator\library\Zend\Controller\Front.php(954): Zend_Controller_Dispatcher_Standard->dispatch(Object(Zend_Controller_Request_Http), Object(Zend_Controller_Response_Http))
#12 C:\wamp64\www\soundproof-glass-configurator\library\Zend\Application\Bootstrap\Bootstrap.php(97): Zend_Controller_Front->dispatch()
#13 C:\wamp64\www\soundproof-glass-configurator\library\Zend\Application.php(367): Zend_Application_Bootstrap_Bootstrap->run()
#14 C:\wamp64\www\soundproof-glass-configurator\public\index.php(6): Zend_Application->run()
#15 {main}

Next Zend_Db_Statement_Exception: SQLSTATE[HY000]: General error: 1364 Field 'type' doesn't have a default value in C:\wamp64\www\soundproof-glass-configurator\library\Zend\Db\Statement\Pdo.php:234
Stack trace:
#0 C:\wamp64\www\soundproof-glass-configurator\library\Zend\Db\Statement.php(300): Zend_Db_Statement_Pdo->_execute(Array)
#1 C:\wamp64\www\soundproof-glass-configurator\library\Zend\Db\Adapter\Abstract.php(479): Zend_Db_Statement->execute(Array)
#2 C:\wamp64\www\soundproof-glass-configurator\library\Zend\Db\Adapter\Pdo\Abstract.php(238): Zend_Db_Adapter_Abstract->query('INSERT INTO `at...', Array)
#3 C:\wamp64\www\soundproof-glass-configurator\library\Zend\Db\Adapter\Abstract.php(574): Zend_Db_Adapter_Pdo_Abstract->query('INSERT INTO `at...', Array)
#4 C:\wamp64\www\soundproof-glass-configurator\library\Zend\Db\Table\Abstract.php(1052): Zend_Db_Adapter_Abstract->insert('attributes', Array)
#5 C:\wamp64\www\soundproof-glass-configurator\library\Orion\Model\DbTable.php(71): Zend_Db_Table_Abstract->insert(Array)
#6 C:\wamp64\www\soundproof-glass-configurator\application\models\Attributes\DbTable.php(27): Orion_Model_DbTable->create(Array, NULL, true)
#7 C:\wamp64\www\soundproof-glass-configurator\application\modules\admin\controllers\AttributesController.php(57): App_Model_Attributes_DbTable->create(Array)
#8 C:\wamp64\www\soundproof-glass-configurator\library\Zend\Controller\Action.php(513): Admin_AttributesController->addAction()
#9 C:\wamp64\www\soundproof-glass-configurator\library\Zend\Controller\Dispatcher\Standard.php(295): Zend_Controller_Action->dispatch('addAction')
#10 C:\wamp64\www\soundproof-glass-configurator\library\Zend\Controller\Front.php(954): Zend_Controller_Dispatcher_Standard->dispatch(Object(Zend_Controller_Request_Http), Object(Zend_Controller_Response_Http))
#11 C:\wamp64\www\soundproof-glass-configurator\library\Zend\Application\Bootstrap\Bootstrap.php(97): Zend_Controller_Front->dispatch()
#12 C:\wamp64\www\soundproof-glass-configurator\library\Zend\Application.php(367): Zend_Application_Bootstrap_Bootstrap->run()
#13 C:\wamp64\www\soundproof-glass-configurator\public\index.php(6): Zend_Application->run()
#14 {main}
2022-05-12T10:41:11+00:00 ERR (3): PDOException: SQLSTATE[HY000]: General error: 1364 Field 'min' doesn't have a default value in C:\wamp64\www\soundproof-glass-configurator\library\Zend\Db\Statement\Pdo.php:228
Stack trace:
#0 C:\wamp64\www\soundproof-glass-configurator\library\Zend\Db\Statement\Pdo.php(228): PDOStatement->execute(Array)
#1 C:\wamp64\www\soundproof-glass-configurator\library\Zend\Db\Statement.php(300): Zend_Db_Statement_Pdo->_execute(Array)
#2 C:\wamp64\www\soundproof-glass-configurator\library\Zend\Db\Adapter\Abstract.php(479): Zend_Db_Statement->execute(Array)
#3 C:\wamp64\www\soundproof-glass-configurator\library\Zend\Db\Adapter\Pdo\Abstract.php(238): Zend_Db_Adapter_Abstract->query('INSERT INTO `at...', Array)
#4 C:\wamp64\www\soundproof-glass-configurator\library\Zend\Db\Adapter\Abstract.php(574): Zend_Db_Adapter_Pdo_Abstract->query('INSERT INTO `at...', Array)
#5 C:\wamp64\www\soundproof-glass-configurator\library\Zend\Db\Table\Abstract.php(1052): Zend_Db_Adapter_Abstract->insert('attributes', Array)
#6 C:\wamp64\www\soundproof-glass-configurator\library\Orion\Model\DbTable.php(71): Zend_Db_Table_Abstract->insert(Array)
#7 C:\wamp64\www\soundproof-glass-configurator\application\models\Attributes\DbTable.php(27): Orion_Model_DbTable->create(Array, NULL, true)
#8 C:\wamp64\www\soundproof-glass-configurator\application\modules\admin\controllers\AttributesController.php(57): App_Model_Attributes_DbTable->create(Array)
#9 C:\wamp64\www\soundproof-glass-configurator\library\Zend\Controller\Action.php(513): Admin_AttributesController->addAction()
#10 C:\wamp64\www\soundproof-glass-configurator\library\Zend\Controller\Dispatcher\Standard.php(295): Zend_Controller_Action->dispatch('addAction')
#11 C:\wamp64\www\soundproof-glass-configurator\library\Zend\Controller\Front.php(954): Zend_Controller_Dispatcher_Standard->dispatch(Object(Zend_Controller_Request_Http), Object(Zend_Controller_Response_Http))
#12 C:\wamp64\www\soundproof-glass-configurator\library\Zend\Application\Bootstrap\Bootstrap.php(97): Zend_Controller_Front->dispatch()
#13 C:\wamp64\www\soundproof-glass-configurator\library\Zend\Application.php(367): Zend_Application_Bootstrap_Bootstrap->run()
#14 C:\wamp64\www\soundproof-glass-configurator\public\index.php(6): Zend_Application->run()
#15 {main}

Next Zend_Db_Statement_Exception: SQLSTATE[HY000]: General error: 1364 Field 'min' doesn't have a default value in C:\wamp64\www\soundproof-glass-configurator\library\Zend\Db\Statement\Pdo.php:234
Stack trace:
#0 C:\wamp64\www\soundproof-glass-configurator\library\Zend\Db\Statement.php(300): Zend_Db_Statement_Pdo->_execute(Array)
#1 C:\wamp64\www\soundproof-glass-configurator\library\Zend\Db\Adapter\Abstract.php(479): Zend_Db_Statement->execute(Array)
#2 C:\wamp64\www\soundproof-glass-configurator\library\Zend\Db\Adapter\Pdo\Abstract.php(238): Zend_Db_Adapter_Abstract->query('INSERT INTO `at...', Array)
#3 C:\wamp64\www\soundproof-glass-configurator\library\Zend\Db\Adapter\Abstract.php(574): Zend_Db_Adapter_Pdo_Abstract->query('INSERT INTO `at...', Array)
#4 C:\wamp64\www\soundproof-glass-configurator\library\Zend\Db\Table\Abstract.php(1052): Zend_Db_Adapter_Abstract->insert('attributes', Array)
#5 C:\wamp64\www\soundproof-glass-configurator\library\Orion\Model\DbTable.php(71): Zend_Db_Table_Abstract->insert(Array)
#6 C:\wamp64\www\soundproof-glass-configurator\application\models\Attributes\DbTable.php(27): Orion_Model_DbTable->create(Array, NULL, true)
#7 C:\wamp64\www\soundproof-glass-configurator\application\modules\admin\controllers\AttributesController.php(57): App_Model_Attributes_DbTable->create(Array)
#8 C:\wamp64\www\soundproof-glass-configurator\library\Zend\Controller\Action.php(513): Admin_AttributesController->addAction()
#9 C:\wamp64\www\soundproof-glass-configurator\library\Zend\Controller\Dispatcher\Standard.php(295): Zend_Controller_Action->dispatch('addAction')
#10 C:\wamp64\www\soundproof-glass-configurator\library\Zend\Controller\Front.php(954): Zend_Controller_Dispatcher_Standard->dispatch(Object(Zend_Controller_Request_Http), Object(Zend_Controller_Response_Http))
#11 C:\wamp64\www\soundproof-glass-configurator\library\Zend\Application\Bootstrap\Bootstrap.php(97): Zend_Controller_Front->dispatch()
#12 C:\wamp64\www\soundproof-glass-configurator\library\Zend\Application.php(367): Zend_Application_Bootstrap_Bootstrap->run()
#13 C:\wamp64\www\soundproof-glass-configurator\public\index.php(6): Zend_Application->run()
#14 {main}
2022-05-12T10:41:44+00:00 ERR (3): PDOException: SQLSTATE[HY000]: General error: 1364 Field 'min' doesn't have a default value in C:\wamp64\www\soundproof-glass-configurator\library\Zend\Db\Statement\Pdo.php:228
Stack trace:
#0 C:\wamp64\www\soundproof-glass-configurator\library\Zend\Db\Statement\Pdo.php(228): PDOStatement->execute(Array)
#1 C:\wamp64\www\soundproof-glass-configurator\library\Zend\Db\Statement.php(300): Zend_Db_Statement_Pdo->_execute(Array)
#2 C:\wamp64\www\soundproof-glass-configurator\library\Zend\Db\Adapter\Abstract.php(479): Zend_Db_Statement->execute(Array)
#3 C:\wamp64\www\soundproof-glass-configurator\library\Zend\Db\Adapter\Pdo\Abstract.php(238): Zend_Db_Adapter_Abstract->query('INSERT INTO `at...', Array)
#4 C:\wamp64\www\soundproof-glass-configurator\library\Zend\Db\Adapter\Abstract.php(574): Zend_Db_Adapter_Pdo_Abstract->query('INSERT INTO `at...', Array)
#5 C:\wamp64\www\soundproof-glass-configurator\library\Zend\Db\Table\Abstract.php(1052): Zend_Db_Adapter_Abstract->insert('attributes', Array)
#6 C:\wamp64\www\soundproof-glass-configurator\library\Orion\Model\DbTable.php(71): Zend_Db_Table_Abstract->insert(Array)
#7 C:\wamp64\www\soundproof-glass-configurator\application\models\Attributes\DbTable.php(27): Orion_Model_DbTable->create(Array, NULL, true)
#8 C:\wamp64\www\soundproof-glass-configurator\application\modules\admin\controllers\AttributesController.php(57): App_Model_Attributes_DbTable->create(Array)
#9 C:\wamp64\www\soundproof-glass-configurator\library\Zend\Controller\Action.php(513): Admin_AttributesController->addAction()
#10 C:\wamp64\www\soundproof-glass-configurator\library\Zend\Controller\Dispatcher\Standard.php(295): Zend_Controller_Action->dispatch('addAction')
#11 C:\wamp64\www\soundproof-glass-configurator\library\Zend\Controller\Front.php(954): Zend_Controller_Dispatcher_Standard->dispatch(Object(Zend_Controller_Request_Http), Object(Zend_Controller_Response_Http))
#12 C:\wamp64\www\soundproof-glass-configurator\library\Zend\Application\Bootstrap\Bootstrap.php(97): Zend_Controller_Front->dispatch()
#13 C:\wamp64\www\soundproof-glass-configurator\library\Zend\Application.php(367): Zend_Application_Bootstrap_Bootstrap->run()
#14 C:\wamp64\www\soundproof-glass-configurator\public\index.php(6): Zend_Application->run()
#15 {main}

Next Zend_Db_Statement_Exception: SQLSTATE[HY000]: General error: 1364 Field 'min' doesn't have a default value in C:\wamp64\www\soundproof-glass-configurator\library\Zend\Db\Statement\Pdo.php:234
Stack trace:
#0 C:\wamp64\www\soundproof-glass-configurator\library\Zend\Db\Statement.php(300): Zend_Db_Statement_Pdo->_execute(Array)
#1 C:\wamp64\www\soundproof-glass-configurator\library\Zend\Db\Adapter\Abstract.php(479): Zend_Db_Statement->execute(Array)
#2 C:\wamp64\www\soundproof-glass-configurator\library\Zend\Db\Adapter\Pdo\Abstract.php(238): Zend_Db_Adapter_Abstract->query('INSERT INTO `at...', Array)
#3 C:\wamp64\www\soundproof-glass-configurator\library\Zend\Db\Adapter\Abstract.php(574): Zend_Db_Adapter_Pdo_Abstract->query('INSERT INTO `at...', Array)
#4 C:\wamp64\www\soundproof-glass-configurator\library\Zend\Db\Table\Abstract.php(1052): Zend_Db_Adapter_Abstract->insert('attributes', Array)
#5 C:\wamp64\www\soundproof-glass-configurator\library\Orion\Model\DbTable.php(71): Zend_Db_Table_Abstract->insert(Array)
#6 C:\wamp64\www\soundproof-glass-configurator\application\models\Attributes\DbTable.php(27): Orion_Model_DbTable->create(Array, NULL, true)
#7 C:\wamp64\www\soundproof-glass-configurator\application\modules\admin\controllers\AttributesController.php(57): App_Model_Attributes_DbTable->create(Array)
#8 C:\wamp64\www\soundproof-glass-configurator\library\Zend\Controller\Action.php(513): Admin_AttributesController->addAction()
#9 C:\wamp64\www\soundproof-glass-configurator\library\Zend\Controller\Dispatcher\Standard.php(295): Zend_Controller_Action->dispatch('addAction')
#10 C:\wamp64\www\soundproof-glass-configurator\library\Zend\Controller\Front.php(954): Zend_Controller_Dispatcher_Standard->dispatch(Object(Zend_Controller_Request_Http), Object(Zend_Controller_Response_Http))
#11 C:\wamp64\www\soundproof-glass-configurator\library\Zend\Application\Bootstrap\Bootstrap.php(97): Zend_Controller_Front->dispatch()
#12 C:\wamp64\www\soundproof-glass-configurator\library\Zend\Application.php(367): Zend_Application_Bootstrap_Bootstrap->run()
#13 C:\wamp64\www\soundproof-glass-configurator\public\index.php(6): Zend_Application->run()
#14 {main}
2022-05-12T10:41:50+00:00 ERR (3): PDOException: SQLSTATE[HY000]: General error: 1364 Field 'min' doesn't have a default value in C:\wamp64\www\soundproof-glass-configurator\library\Zend\Db\Statement\Pdo.php:228
Stack trace:
#0 C:\wamp64\www\soundproof-glass-configurator\library\Zend\Db\Statement\Pdo.php(228): PDOStatement->execute(Array)
#1 C:\wamp64\www\soundproof-glass-configurator\library\Zend\Db\Statement.php(300): Zend_Db_Statement_Pdo->_execute(Array)
#2 C:\wamp64\www\soundproof-glass-configurator\library\Zend\Db\Adapter\Abstract.php(479): Zend_Db_Statement->execute(Array)
#3 C:\wamp64\www\soundproof-glass-configurator\library\Zend\Db\Adapter\Pdo\Abstract.php(238): Zend_Db_Adapter_Abstract->query('INSERT INTO `at...', Array)
#4 C:\wamp64\www\soundproof-glass-configurator\library\Zend\Db\Adapter\Abstract.php(574): Zend_Db_Adapter_Pdo_Abstract->query('INSERT INTO `at...', Array)
#5 C:\wamp64\www\soundproof-glass-configurator\library\Zend\Db\Table\Abstract.php(1052): Zend_Db_Adapter_Abstract->insert('attributes', Array)
#6 C:\wamp64\www\soundproof-glass-configurator\library\Orion\Model\DbTable.php(71): Zend_Db_Table_Abstract->insert(Array)
#7 C:\wamp64\www\soundproof-glass-configurator\application\models\Attributes\DbTable.php(27): Orion_Model_DbTable->create(Array, NULL, true)
#8 C:\wamp64\www\soundproof-glass-configurator\application\modules\admin\controllers\AttributesController.php(57): App_Model_Attributes_DbTable->create(Array)
#9 C:\wamp64\www\soundproof-glass-configurator\library\Zend\Controller\Action.php(513): Admin_AttributesController->addAction()
#10 C:\wamp64\www\soundproof-glass-configurator\library\Zend\Controller\Dispatcher\Standard.php(295): Zend_Controller_Action->dispatch('addAction')
#11 C:\wamp64\www\soundproof-glass-configurator\library\Zend\Controller\Front.php(954): Zend_Controller_Dispatcher_Standard->dispatch(Object(Zend_Controller_Request_Http), Object(Zend_Controller_Response_Http))
#12 C:\wamp64\www\soundproof-glass-configurator\library\Zend\Application\Bootstrap\Bootstrap.php(97): Zend_Controller_Front->dispatch()
#13 C:\wamp64\www\soundproof-glass-configurator\library\Zend\Application.php(367): Zend_Application_Bootstrap_Bootstrap->run()
#14 C:\wamp64\www\soundproof-glass-configurator\public\index.php(6): Zend_Application->run()
#15 {main}

Next Zend_Db_Statement_Exception: SQLSTATE[HY000]: General error: 1364 Field 'min' doesn't have a default value in C:\wamp64\www\soundproof-glass-configurator\library\Zend\Db\Statement\Pdo.php:234
Stack trace:
#0 C:\wamp64\www\soundproof-glass-configurator\library\Zend\Db\Statement.php(300): Zend_Db_Statement_Pdo->_execute(Array)
#1 C:\wamp64\www\soundproof-glass-configurator\library\Zend\Db\Adapter\Abstract.php(479): Zend_Db_Statement->execute(Array)
#2 C:\wamp64\www\soundproof-glass-configurator\library\Zend\Db\Adapter\Pdo\Abstract.php(238): Zend_Db_Adapter_Abstract->query('INSERT INTO `at...', Array)
#3 C:\wamp64\www\soundproof-glass-configurator\library\Zend\Db\Adapter\Abstract.php(574): Zend_Db_Adapter_Pdo_Abstract->query('INSERT INTO `at...', Array)
#4 C:\wamp64\www\soundproof-glass-configurator\library\Zend\Db\Table\Abstract.php(1052): Zend_Db_Adapter_Abstract->insert('attributes', Array)
#5 C:\wamp64\www\soundproof-glass-configurator\library\Orion\Model\DbTable.php(71): Zend_Db_Table_Abstract->insert(Array)
#6 C:\wamp64\www\soundproof-glass-configurator\application\models\Attributes\DbTable.php(27): Orion_Model_DbTable->create(Array, NULL, true)
#7 C:\wamp64\www\soundproof-glass-configurator\application\modules\admin\controllers\AttributesController.php(57): App_Model_Attributes_DbTable->create(Array)
#8 C:\wamp64\www\soundproof-glass-configurator\library\Zend\Controller\Action.php(513): Admin_AttributesController->addAction()
#9 C:\wamp64\www\soundproof-glass-configurator\library\Zend\Controller\Dispatcher\Standard.php(295): Zend_Controller_Action->dispatch('addAction')
#10 C:\wamp64\www\soundproof-glass-configurator\library\Zend\Controller\Front.php(954): Zend_Controller_Dispatcher_Standard->dispatch(Object(Zend_Controller_Request_Http), Object(Zend_Controller_Response_Http))
#11 C:\wamp64\www\soundproof-glass-configurator\library\Zend\Application\Bootstrap\Bootstrap.php(97): Zend_Controller_Front->dispatch()
#12 C:\wamp64\www\soundproof-glass-configurator\library\Zend\Application.php(367): Zend_Application_Bootstrap_Bootstrap->run()
#13 C:\wamp64\www\soundproof-glass-configurator\public\index.php(6): Zend_Application->run()
#14 {main}
2022-05-12T10:41:58+00:00 ERR (3): PDOException: SQLSTATE[HY000]: General error: 1364 Field 'min' doesn't have a default value in C:\wamp64\www\soundproof-glass-configurator\library\Zend\Db\Statement\Pdo.php:228
Stack trace:
#0 C:\wamp64\www\soundproof-glass-configurator\library\Zend\Db\Statement\Pdo.php(228): PDOStatement->execute(Array)
#1 C:\wamp64\www\soundproof-glass-configurator\library\Zend\Db\Statement.php(300): Zend_Db_Statement_Pdo->_execute(Array)
#2 C:\wamp64\www\soundproof-glass-configurator\library\Zend\Db\Adapter\Abstract.php(479): Zend_Db_Statement->execute(Array)
#3 C:\wamp64\www\soundproof-glass-configurator\library\Zend\Db\Adapter\Pdo\Abstract.php(238): Zend_Db_Adapter_Abstract->query('INSERT INTO `at...', Array)
#4 C:\wamp64\www\soundproof-glass-configurator\library\Zend\Db\Adapter\Abstract.php(574): Zend_Db_Adapter_Pdo_Abstract->query('INSERT INTO `at...', Array)
#5 C:\wamp64\www\soundproof-glass-configurator\library\Zend\Db\Table\Abstract.php(1052): Zend_Db_Adapter_Abstract->insert('attributes', Array)
#6 C:\wamp64\www\soundproof-glass-configurator\library\Orion\Model\DbTable.php(71): Zend_Db_Table_Abstract->insert(Array)
#7 C:\wamp64\www\soundproof-glass-configurator\application\models\Attributes\DbTable.php(27): Orion_Model_DbTable->create(Array, NULL, true)
#8 C:\wamp64\www\soundproof-glass-configurator\application\modules\admin\controllers\AttributesController.php(57): App_Model_Attributes_DbTable->create(Array)
#9 C:\wamp64\www\soundproof-glass-configurator\library\Zend\Controller\Action.php(513): Admin_AttributesController->addAction()
#10 C:\wamp64\www\soundproof-glass-configurator\library\Zend\Controller\Dispatcher\Standard.php(295): Zend_Controller_Action->dispatch('addAction')
#11 C:\wamp64\www\soundproof-glass-configurator\library\Zend\Controller\Front.php(954): Zend_Controller_Dispatcher_Standard->dispatch(Object(Zend_Controller_Request_Http), Object(Zend_Controller_Response_Http))
#12 C:\wamp64\www\soundproof-glass-configurator\library\Zend\Application\Bootstrap\Bootstrap.php(97): Zend_Controller_Front->dispatch()
#13 C:\wamp64\www\soundproof-glass-configurator\library\Zend\Application.php(367): Zend_Application_Bootstrap_Bootstrap->run()
#14 C:\wamp64\www\soundproof-glass-configurator\public\index.php(6): Zend_Application->run()
#15 {main}

Next Zend_Db_Statement_Exception: SQLSTATE[HY000]: General error: 1364 Field 'min' doesn't have a default value in C:\wamp64\www\soundproof-glass-configurator\library\Zend\Db\Statement\Pdo.php:234
Stack trace:
#0 C:\wamp64\www\soundproof-glass-configurator\library\Zend\Db\Statement.php(300): Zend_Db_Statement_Pdo->_execute(Array)
#1 C:\wamp64\www\soundproof-glass-configurator\library\Zend\Db\Adapter\Abstract.php(479): Zend_Db_Statement->execute(Array)
#2 C:\wamp64\www\soundproof-glass-configurator\library\Zend\Db\Adapter\Pdo\Abstract.php(238): Zend_Db_Adapter_Abstract->query('INSERT INTO `at...', Array)
#3 C:\wamp64\www\soundproof-glass-configurator\library\Zend\Db\Adapter\Abstract.php(574): Zend_Db_Adapter_Pdo_Abstract->query('INSERT INTO `at...', Array)
#4 C:\wamp64\www\soundproof-glass-configurator\library\Zend\Db\Table\Abstract.php(1052): Zend_Db_Adapter_Abstract->insert('attributes', Array)
#5 C:\wamp64\www\soundproof-glass-configurator\library\Orion\Model\DbTable.php(71): Zend_Db_Table_Abstract->insert(Array)
#6 C:\wamp64\www\soundproof-glass-configurator\application\models\Attributes\DbTable.php(27): Orion_Model_DbTable->create(Array, NULL, true)
#7 C:\wamp64\www\soundproof-glass-configurator\application\modules\admin\controllers\AttributesController.php(57): App_Model_Attributes_DbTable->create(Array)
#8 C:\wamp64\www\soundproof-glass-configurator\library\Zend\Controller\Action.php(513): Admin_AttributesController->addAction()
#9 C:\wamp64\www\soundproof-glass-configurator\library\Zend\Controller\Dispatcher\Standard.php(295): Zend_Controller_Action->dispatch('addAction')
#10 C:\wamp64\www\soundproof-glass-configurator\library\Zend\Controller\Front.php(954): Zend_Controller_Dispatcher_Standard->dispatch(Object(Zend_Controller_Request_Http), Object(Zend_Controller_Response_Http))
#11 C:\wamp64\www\soundproof-glass-configurator\library\Zend\Application\Bootstrap\Bootstrap.php(97): Zend_Controller_Front->dispatch()
#12 C:\wamp64\www\soundproof-glass-configurator\library\Zend\Application.php(367): Zend_Application_Bootstrap_Bootstrap->run()
#13 C:\wamp64\www\soundproof-glass-configurator\public\index.php(6): Zend_Application->run()
#14 {main}
2022-05-12T10:42:43+00:00 ERR (3): PDOException: SQLSTATE[HY000]: General error: 1364 Field 'min' doesn't have a default value in C:\wamp64\www\soundproof-glass-configurator\library\Zend\Db\Statement\Pdo.php:228
Stack trace:
#0 C:\wamp64\www\soundproof-glass-configurator\library\Zend\Db\Statement\Pdo.php(228): PDOStatement->execute(Array)
#1 C:\wamp64\www\soundproof-glass-configurator\library\Zend\Db\Statement.php(300): Zend_Db_Statement_Pdo->_execute(Array)
#2 C:\wamp64\www\soundproof-glass-configurator\library\Zend\Db\Adapter\Abstract.php(479): Zend_Db_Statement->execute(Array)
#3 C:\wamp64\www\soundproof-glass-configurator\library\Zend\Db\Adapter\Pdo\Abstract.php(238): Zend_Db_Adapter_Abstract->query('INSERT INTO `at...', Array)
#4 C:\wamp64\www\soundproof-glass-configurator\library\Zend\Db\Adapter\Abstract.php(574): Zend_Db_Adapter_Pdo_Abstract->query('INSERT INTO `at...', Array)
#5 C:\wamp64\www\soundproof-glass-configurator\library\Zend\Db\Table\Abstract.php(1052): Zend_Db_Adapter_Abstract->insert('attributes', Array)
#6 C:\wamp64\www\soundproof-glass-configurator\library\Orion\Model\DbTable.php(71): Zend_Db_Table_Abstract->insert(Array)
#7 C:\wamp64\www\soundproof-glass-configurator\application\models\Attributes\DbTable.php(27): Orion_Model_DbTable->create(Array, NULL, true)
#8 C:\wamp64\www\soundproof-glass-configurator\application\modules\admin\controllers\AttributesController.php(57): App_Model_Attributes_DbTable->create(Array)
#9 C:\wamp64\www\soundproof-glass-configurator\library\Zend\Controller\Action.php(513): Admin_AttributesController->addAction()
#10 C:\wamp64\www\soundproof-glass-configurator\library\Zend\Controller\Dispatcher\Standard.php(295): Zend_Controller_Action->dispatch('addAction')
#11 C:\wamp64\www\soundproof-glass-configurator\library\Zend\Controller\Front.php(954): Zend_Controller_Dispatcher_Standard->dispatch(Object(Zend_Controller_Request_Http), Object(Zend_Controller_Response_Http))
#12 C:\wamp64\www\soundproof-glass-configurator\library\Zend\Application\Bootstrap\Bootstrap.php(97): Zend_Controller_Front->dispatch()
#13 C:\wamp64\www\soundproof-glass-configurator\library\Zend\Application.php(367): Zend_Application_Bootstrap_Bootstrap->run()
#14 C:\wamp64\www\soundproof-glass-configurator\public\index.php(6): Zend_Application->run()
#15 {main}

Next Zend_Db_Statement_Exception: SQLSTATE[HY000]: General error: 1364 Field 'min' doesn't have a default value in C:\wamp64\www\soundproof-glass-configurator\library\Zend\Db\Statement\Pdo.php:234
Stack trace:
#0 C:\wamp64\www\soundproof-glass-configurator\library\Zend\Db\Statement.php(300): Zend_Db_Statement_Pdo->_execute(Array)
#1 C:\wamp64\www\soundproof-glass-configurator\library\Zend\Db\Adapter\Abstract.php(479): Zend_Db_Statement->execute(Array)
#2 C:\wamp64\www\soundproof-glass-configurator\library\Zend\Db\Adapter\Pdo\Abstract.php(238): Zend_Db_Adapter_Abstract->query('INSERT INTO `at...', Array)
#3 C:\wamp64\www\soundproof-glass-configurator\library\Zend\Db\Adapter\Abstract.php(574): Zend_Db_Adapter_Pdo_Abstract->query('INSERT INTO `at...', Array)
#4 C:\wamp64\www\soundproof-glass-configurator\library\Zend\Db\Table\Abstract.php(1052): Zend_Db_Adapter_Abstract->insert('attributes', Array)
#5 C:\wamp64\www\soundproof-glass-configurator\library\Orion\Model\DbTable.php(71): Zend_Db_Table_Abstract->insert(Array)
#6 C:\wamp64\www\soundproof-glass-configurator\application\models\Attributes\DbTable.php(27): Orion_Model_DbTable->create(Array, NULL, true)
#7 C:\wamp64\www\soundproof-glass-configurator\application\modules\admin\controllers\AttributesController.php(57): App_Model_Attributes_DbTable->create(Array)
#8 C:\wamp64\www\soundproof-glass-configurator\library\Zend\Controller\Action.php(513): Admin_AttributesController->addAction()
#9 C:\wamp64\www\soundproof-glass-configurator\library\Zend\Controller\Dispatcher\Standard.php(295): Zend_Controller_Action->dispatch('addAction')
#10 C:\wamp64\www\soundproof-glass-configurator\library\Zend\Controller\Front.php(954): Zend_Controller_Dispatcher_Standard->dispatch(Object(Zend_Controller_Request_Http), Object(Zend_Controller_Response_Http))
#11 C:\wamp64\www\soundproof-glass-configurator\library\Zend\Application\Bootstrap\Bootstrap.php(97): Zend_Controller_Front->dispatch()
#12 C:\wamp64\www\soundproof-glass-configurator\library\Zend\Application.php(367): Zend_Application_Bootstrap_Bootstrap->run()
#13 C:\wamp64\www\soundproof-glass-configurator\public\index.php(6): Zend_Application->run()
#14 {main}
2022-05-12T10:42:49+00:00 ERR (3): PDOException: SQLSTATE[HY000]: General error: 1364 Field 'min' doesn't have a default value in C:\wamp64\www\soundproof-glass-configurator\library\Zend\Db\Statement\Pdo.php:228
Stack trace:
#0 C:\wamp64\www\soundproof-glass-configurator\library\Zend\Db\Statement\Pdo.php(228): PDOStatement->execute(Array)
#1 C:\wamp64\www\soundproof-glass-configurator\library\Zend\Db\Statement.php(300): Zend_Db_Statement_Pdo->_execute(Array)
#2 C:\wamp64\www\soundproof-glass-configurator\library\Zend\Db\Adapter\Abstract.php(479): Zend_Db_Statement->execute(Array)
#3 C:\wamp64\www\soundproof-glass-configurator\library\Zend\Db\Adapter\Pdo\Abstract.php(238): Zend_Db_Adapter_Abstract->query('INSERT INTO `at...', Array)
#4 C:\wamp64\www\soundproof-glass-configurator\library\Zend\Db\Adapter\Abstract.php(574): Zend_Db_Adapter_Pdo_Abstract->query('INSERT INTO `at...', Array)
#5 C:\wamp64\www\soundproof-glass-configurator\library\Zend\Db\Table\Abstract.php(1052): Zend_Db_Adapter_Abstract->insert('attributes', Array)
#6 C:\wamp64\www\soundproof-glass-configurator\library\Orion\Model\DbTable.php(71): Zend_Db_Table_Abstract->insert(Array)
#7 C:\wamp64\www\soundproof-glass-configurator\application\models\Attributes\DbTable.php(27): Orion_Model_DbTable->create(Array, NULL, true)
#8 C:\wamp64\www\soundproof-glass-configurator\application\modules\admin\controllers\AttributesController.php(57): App_Model_Attributes_DbTable->create(Array)
#9 C:\wamp64\www\soundproof-glass-configurator\library\Zend\Controller\Action.php(513): Admin_AttributesController->addAction()
#10 C:\wamp64\www\soundproof-glass-configurator\library\Zend\Controller\Dispatcher\Standard.php(295): Zend_Controller_Action->dispatch('addAction')
#11 C:\wamp64\www\soundproof-glass-configurator\library\Zend\Controller\Front.php(954): Zend_Controller_Dispatcher_Standard->dispatch(Object(Zend_Controller_Request_Http), Object(Zend_Controller_Response_Http))
#12 C:\wamp64\www\soundproof-glass-configurator\library\Zend\Application\Bootstrap\Bootstrap.php(97): Zend_Controller_Front->dispatch()
#13 C:\wamp64\www\soundproof-glass-configurator\library\Zend\Application.php(367): Zend_Application_Bootstrap_Bootstrap->run()
#14 C:\wamp64\www\soundproof-glass-configurator\public\index.php(6): Zend_Application->run()
#15 {main}

Next Zend_Db_Statement_Exception: SQLSTATE[HY000]: General error: 1364 Field 'min' doesn't have a default value in C:\wamp64\www\soundproof-glass-configurator\library\Zend\Db\Statement\Pdo.php:234
Stack trace:
#0 C:\wamp64\www\soundproof-glass-configurator\library\Zend\Db\Statement.php(300): Zend_Db_Statement_Pdo->_execute(Array)
#1 C:\wamp64\www\soundproof-glass-configurator\library\Zend\Db\Adapter\Abstract.php(479): Zend_Db_Statement->execute(Array)
#2 C:\wamp64\www\soundproof-glass-configurator\library\Zend\Db\Adapter\Pdo\Abstract.php(238): Zend_Db_Adapter_Abstract->query('INSERT INTO `at...', Array)
#3 C:\wamp64\www\soundproof-glass-configurator\library\Zend\Db\Adapter\Abstract.php(574): Zend_Db_Adapter_Pdo_Abstract->query('INSERT INTO `at...', Array)
#4 C:\wamp64\www\soundproof-glass-configurator\library\Zend\Db\Table\Abstract.php(1052): Zend_Db_Adapter_Abstract->insert('attributes', Array)
#5 C:\wamp64\www\soundproof-glass-configurator\library\Orion\Model\DbTable.php(71): Zend_Db_Table_Abstract->insert(Array)
#6 C:\wamp64\www\soundproof-glass-configurator\application\models\Attributes\DbTable.php(27): Orion_Model_DbTable->create(Array, NULL, true)
#7 C:\wamp64\www\soundproof-glass-configurator\application\modules\admin\controllers\AttributesController.php(57): App_Model_Attributes_DbTable->create(Array)
#8 C:\wamp64\www\soundproof-glass-configurator\library\Zend\Controller\Action.php(513): Admin_AttributesController->addAction()
#9 C:\wamp64\www\soundproof-glass-configurator\library\Zend\Controller\Dispatcher\Standard.php(295): Zend_Controller_Action->dispatch('addAction')
#10 C:\wamp64\www\soundproof-glass-configurator\library\Zend\Controller\Front.php(954): Zend_Controller_Dispatcher_Standard->dispatch(Object(Zend_Controller_Request_Http), Object(Zend_Controller_Response_Http))
#11 C:\wamp64\www\soundproof-glass-configurator\library\Zend\Application\Bootstrap\Bootstrap.php(97): Zend_Controller_Front->dispatch()
#12 C:\wamp64\www\soundproof-glass-configurator\library\Zend\Application.php(367): Zend_Application_Bootstrap_Bootstrap->run()
#13 C:\wamp64\www\soundproof-glass-configurator\public\index.php(6): Zend_Application->run()
#14 {main}
2022-05-12T10:43:26+00:00 ERR (3): PDOException: SQLSTATE[HY000]: General error: 1364 Field 'min' doesn't have a default value in C:\wamp64\www\soundproof-glass-configurator\library\Zend\Db\Statement\Pdo.php:228
Stack trace:
#0 C:\wamp64\www\soundproof-glass-configurator\library\Zend\Db\Statement\Pdo.php(228): PDOStatement->execute(Array)
#1 C:\wamp64\www\soundproof-glass-configurator\library\Zend\Db\Statement.php(300): Zend_Db_Statement_Pdo->_execute(Array)
#2 C:\wamp64\www\soundproof-glass-configurator\library\Zend\Db\Adapter\Abstract.php(479): Zend_Db_Statement->execute(Array)
#3 C:\wamp64\www\soundproof-glass-configurator\library\Zend\Db\Adapter\Pdo\Abstract.php(238): Zend_Db_Adapter_Abstract->query('INSERT INTO `at...', Array)
#4 C:\wamp64\www\soundproof-glass-configurator\library\Zend\Db\Adapter\Abstract.php(574): Zend_Db_Adapter_Pdo_Abstract->query('INSERT INTO `at...', Array)
#5 C:\wamp64\www\soundproof-glass-configurator\library\Zend\Db\Table\Abstract.php(1052): Zend_Db_Adapter_Abstract->insert('attributes', Array)
#6 C:\wamp64\www\soundproof-glass-configurator\library\Orion\Model\DbTable.php(71): Zend_Db_Table_Abstract->insert(Array)
#7 C:\wamp64\www\soundproof-glass-configurator\application\models\Attributes\DbTable.php(27): Orion_Model_DbTable->create(Array, NULL, true)
#8 C:\wamp64\www\soundproof-glass-configurator\application\modules\admin\controllers\AttributesController.php(57): App_Model_Attributes_DbTable->create(Array)
#9 C:\wamp64\www\soundproof-glass-configurator\library\Zend\Controller\Action.php(513): Admin_AttributesController->addAction()
#10 C:\wamp64\www\soundproof-glass-configurator\library\Zend\Controller\Dispatcher\Standard.php(295): Zend_Controller_Action->dispatch('addAction')
#11 C:\wamp64\www\soundproof-glass-configurator\library\Zend\Controller\Front.php(954): Zend_Controller_Dispatcher_Standard->dispatch(Object(Zend_Controller_Request_Http), Object(Zend_Controller_Response_Http))
#12 C:\wamp64\www\soundproof-glass-configurator\library\Zend\Application\Bootstrap\Bootstrap.php(97): Zend_Controller_Front->dispatch()
#13 C:\wamp64\www\soundproof-glass-configurator\library\Zend\Application.php(367): Zend_Application_Bootstrap_Bootstrap->run()
#14 C:\wamp64\www\soundproof-glass-configurator\public\index.php(6): Zend_Application->run()
#15 {main}

Next Zend_Db_Statement_Exception: SQLSTATE[HY000]: General error: 1364 Field 'min' doesn't have a default value in C:\wamp64\www\soundproof-glass-configurator\library\Zend\Db\Statement\Pdo.php:234
Stack trace:
#0 C:\wamp64\www\soundproof-glass-configurator\library\Zend\Db\Statement.php(300): Zend_Db_Statement_Pdo->_execute(Array)
#1 C:\wamp64\www\soundproof-glass-configurator\library\Zend\Db\Adapter\Abstract.php(479): Zend_Db_Statement->execute(Array)
#2 C:\wamp64\www\soundproof-glass-configurator\library\Zend\Db\Adapter\Pdo\Abstract.php(238): Zend_Db_Adapter_Abstract->query('INSERT INTO `at...', Array)
#3 C:\wamp64\www\soundproof-glass-configurator\library\Zend\Db\Adapter\Abstract.php(574): Zend_Db_Adapter_Pdo_Abstract->query('INSERT INTO `at...', Array)
#4 C:\wamp64\www\soundproof-glass-configurator\library\Zend\Db\Table\Abstract.php(1052): Zend_Db_Adapter_Abstract->insert('attributes', Array)
#5 C:\wamp64\www\soundproof-glass-configurator\library\Orion\Model\DbTable.php(71): Zend_Db_Table_Abstract->insert(Array)
#6 C:\wamp64\www\soundproof-glass-configurator\application\models\Attributes\DbTable.php(27): Orion_Model_DbTable->create(Array, NULL, true)
#7 C:\wamp64\www\soundproof-glass-configurator\application\modules\admin\controllers\AttributesController.php(57): App_Model_Attributes_DbTable->create(Array)
#8 C:\wamp64\www\soundproof-glass-configurator\library\Zend\Controller\Action.php(513): Admin_AttributesController->addAction()
#9 C:\wamp64\www\soundproof-glass-configurator\library\Zend\Controller\Dispatcher\Standard.php(295): Zend_Controller_Action->dispatch('addAction')
#10 C:\wamp64\www\soundproof-glass-configurator\library\Zend\Controller\Front.php(954): Zend_Controller_Dispatcher_Standard->dispatch(Object(Zend_Controller_Request_Http), Object(Zend_Controller_Response_Http))
#11 C:\wamp64\www\soundproof-glass-configurator\library\Zend\Application\Bootstrap\Bootstrap.php(97): Zend_Controller_Front->dispatch()
#12 C:\wamp64\www\soundproof-glass-configurator\library\Zend\Application.php(367): Zend_Application_Bootstrap_Bootstrap->run()
#13 C:\wamp64\www\soundproof-glass-configurator\public\index.php(6): Zend_Application->run()
#14 {main}
2022-05-12T10:43:36+00:00 ERR (3): PDOException: SQLSTATE[HY000]: General error: 1364 Field 'min' doesn't have a default value in C:\wamp64\www\soundproof-glass-configurator\library\Zend\Db\Statement\Pdo.php:228
Stack trace:
#0 C:\wamp64\www\soundproof-glass-configurator\library\Zend\Db\Statement\Pdo.php(228): PDOStatement->execute(Array)
#1 C:\wamp64\www\soundproof-glass-configurator\library\Zend\Db\Statement.php(300): Zend_Db_Statement_Pdo->_execute(Array)
#2 C:\wamp64\www\soundproof-glass-configurator\library\Zend\Db\Adapter\Abstract.php(479): Zend_Db_Statement->execute(Array)
#3 C:\wamp64\www\soundproof-glass-configurator\library\Zend\Db\Adapter\Pdo\Abstract.php(238): Zend_Db_Adapter_Abstract->query('INSERT INTO `at...', Array)
#4 C:\wamp64\www\soundproof-glass-configurator\library\Zend\Db\Adapter\Abstract.php(574): Zend_Db_Adapter_Pdo_Abstract->query('INSERT INTO `at...', Array)
#5 C:\wamp64\www\soundproof-glass-configurator\library\Zend\Db\Table\Abstract.php(1052): Zend_Db_Adapter_Abstract->insert('attributes', Array)
#6 C:\wamp64\www\soundproof-glass-configurator\library\Orion\Model\DbTable.php(71): Zend_Db_Table_Abstract->insert(Array)
#7 C:\wamp64\www\soundproof-glass-configurator\application\models\Attributes\DbTable.php(27): Orion_Model_DbTable->create(Array, NULL, true)
#8 C:\wamp64\www\soundproof-glass-configurator\application\modules\admin\controllers\AttributesController.php(57): App_Model_Attributes_DbTable->create(Array)
#9 C:\wamp64\www\soundproof-glass-configurator\library\Zend\Controller\Action.php(513): Admin_AttributesController->addAction()
#10 C:\wamp64\www\soundproof-glass-configurator\library\Zend\Controller\Dispatcher\Standard.php(295): Zend_Controller_Action->dispatch('addAction')
#11 C:\wamp64\www\soundproof-glass-configurator\library\Zend\Controller\Front.php(954): Zend_Controller_Dispatcher_Standard->dispatch(Object(Zend_Controller_Request_Http), Object(Zend_Controller_Response_Http))
#12 C:\wamp64\www\soundproof-glass-configurator\library\Zend\Application\Bootstrap\Bootstrap.php(97): Zend_Controller_Front->dispatch()
#13 C:\wamp64\www\soundproof-glass-configurator\library\Zend\Application.php(367): Zend_Application_Bootstrap_Bootstrap->run()
#14 C:\wamp64\www\soundproof-glass-configurator\public\index.php(6): Zend_Application->run()
#15 {main}

Next Zend_Db_Statement_Exception: SQLSTATE[HY000]: General error: 1364 Field 'min' doesn't have a default value in C:\wamp64\www\soundproof-glass-configurator\library\Zend\Db\Statement\Pdo.php:234
Stack trace:
#0 C:\wamp64\www\soundproof-glass-configurator\library\Zend\Db\Statement.php(300): Zend_Db_Statement_Pdo->_execute(Array)
#1 C:\wamp64\www\soundproof-glass-configurator\library\Zend\Db\Adapter\Abstract.php(479): Zend_Db_Statement->execute(Array)
#2 C:\wamp64\www\soundproof-glass-configurator\library\Zend\Db\Adapter\Pdo\Abstract.php(238): Zend_Db_Adapter_Abstract->query('INSERT INTO `at...', Array)
#3 C:\wamp64\www\soundproof-glass-configurator\library\Zend\Db\Adapter\Abstract.php(574): Zend_Db_Adapter_Pdo_Abstract->query('INSERT INTO `at...', Array)
#4 C:\wamp64\www\soundproof-glass-configurator\library\Zend\Db\Table\Abstract.php(1052): Zend_Db_Adapter_Abstract->insert('attributes', Array)
#5 C:\wamp64\www\soundproof-glass-configurator\library\Orion\Model\DbTable.php(71): Zend_Db_Table_Abstract->insert(Array)
#6 C:\wamp64\www\soundproof-glass-configurator\application\models\Attributes\DbTable.php(27): Orion_Model_DbTable->create(Array, NULL, true)
#7 C:\wamp64\www\soundproof-glass-configurator\application\modules\admin\controllers\AttributesController.php(57): App_Model_Attributes_DbTable->create(Array)
#8 C:\wamp64\www\soundproof-glass-configurator\library\Zend\Controller\Action.php(513): Admin_AttributesController->addAction()
#9 C:\wamp64\www\soundproof-glass-configurator\library\Zend\Controller\Dispatcher\Standard.php(295): Zend_Controller_Action->dispatch('addAction')
#10 C:\wamp64\www\soundproof-glass-configurator\library\Zend\Controller\Front.php(954): Zend_Controller_Dispatcher_Standard->dispatch(Object(Zend_Controller_Request_Http), Object(Zend_Controller_Response_Http))
#11 C:\wamp64\www\soundproof-glass-configurator\library\Zend\Application\Bootstrap\Bootstrap.php(97): Zend_Controller_Front->dispatch()
#12 C:\wamp64\www\soundproof-glass-configurator\library\Zend\Application.php(367): Zend_Application_Bootstrap_Bootstrap->run()
#13 C:\wamp64\www\soundproof-glass-configurator\public\index.php(6): Zend_Application->run()
#14 {main}
2022-05-12T10:43:44+00:00 ERR (3): PDOException: SQLSTATE[HY000]: General error: 1364 Field 'min' doesn't have a default value in C:\wamp64\www\soundproof-glass-configurator\library\Zend\Db\Statement\Pdo.php:228
Stack trace:
#0 C:\wamp64\www\soundproof-glass-configurator\library\Zend\Db\Statement\Pdo.php(228): PDOStatement->execute(Array)
#1 C:\wamp64\www\soundproof-glass-configurator\library\Zend\Db\Statement.php(300): Zend_Db_Statement_Pdo->_execute(Array)
#2 C:\wamp64\www\soundproof-glass-configurator\library\Zend\Db\Adapter\Abstract.php(479): Zend_Db_Statement->execute(Array)
#3 C:\wamp64\www\soundproof-glass-configurator\library\Zend\Db\Adapter\Pdo\Abstract.php(238): Zend_Db_Adapter_Abstract->query('INSERT INTO `at...', Array)
#4 C:\wamp64\www\soundproof-glass-configurator\library\Zend\Db\Adapter\Abstract.php(574): Zend_Db_Adapter_Pdo_Abstract->query('INSERT INTO `at...', Array)
#5 C:\wamp64\www\soundproof-glass-configurator\library\Zend\Db\Table\Abstract.php(1052): Zend_Db_Adapter_Abstract->insert('attributes', Array)
#6 C:\wamp64\www\soundproof-glass-configurator\library\Orion\Model\DbTable.php(71): Zend_Db_Table_Abstract->insert(Array)
#7 C:\wamp64\www\soundproof-glass-configurator\application\models\Attributes\DbTable.php(27): Orion_Model_DbTable->create(Array, NULL, true)
#8 C:\wamp64\www\soundproof-glass-configurator\application\modules\admin\controllers\AttributesController.php(57): App_Model_Attributes_DbTable->create(Array)
#9 C:\wamp64\www\soundproof-glass-configurator\library\Zend\Controller\Action.php(513): Admin_AttributesController->addAction()
#10 C:\wamp64\www\soundproof-glass-configurator\library\Zend\Controller\Dispatcher\Standard.php(295): Zend_Controller_Action->dispatch('addAction')
#11 C:\wamp64\www\soundproof-glass-configurator\library\Zend\Controller\Front.php(954): Zend_Controller_Dispatcher_Standard->dispatch(Object(Zend_Controller_Request_Http), Object(Zend_Controller_Response_Http))
#12 C:\wamp64\www\soundproof-glass-configurator\library\Zend\Application\Bootstrap\Bootstrap.php(97): Zend_Controller_Front->dispatch()
#13 C:\wamp64\www\soundproof-glass-configurator\library\Zend\Application.php(367): Zend_Application_Bootstrap_Bootstrap->run()
#14 C:\wamp64\www\soundproof-glass-configurator\public\index.php(6): Zend_Application->run()
#15 {main}

Next Zend_Db_Statement_Exception: SQLSTATE[HY000]: General error: 1364 Field 'min' doesn't have a default value in C:\wamp64\www\soundproof-glass-configurator\library\Zend\Db\Statement\Pdo.php:234
Stack trace:
#0 C:\wamp64\www\soundproof-glass-configurator\library\Zend\Db\Statement.php(300): Zend_Db_Statement_Pdo->_execute(Array)
#1 C:\wamp64\www\soundproof-glass-configurator\library\Zend\Db\Adapter\Abstract.php(479): Zend_Db_Statement->execute(Array)
#2 C:\wamp64\www\soundproof-glass-configurator\library\Zend\Db\Adapter\Pdo\Abstract.php(238): Zend_Db_Adapter_Abstract->query('INSERT INTO `at...', Array)
#3 C:\wamp64\www\soundproof-glass-configurator\library\Zend\Db\Adapter\Abstract.php(574): Zend_Db_Adapter_Pdo_Abstract->query('INSERT INTO `at...', Array)
#4 C:\wamp64\www\soundproof-glass-configurator\library\Zend\Db\Table\Abstract.php(1052): Zend_Db_Adapter_Abstract->insert('attributes', Array)
#5 C:\wamp64\www\soundproof-glass-configurator\library\Orion\Model\DbTable.php(71): Zend_Db_Table_Abstract->insert(Array)
#6 C:\wamp64\www\soundproof-glass-configurator\application\models\Attributes\DbTable.php(27): Orion_Model_DbTable->create(Array, NULL, true)
#7 C:\wamp64\www\soundproof-glass-configurator\application\modules\admin\controllers\AttributesController.php(57): App_Model_Attributes_DbTable->create(Array)
#8 C:\wamp64\www\soundproof-glass-configurator\library\Zend\Controller\Action.php(513): Admin_AttributesController->addAction()
#9 C:\wamp64\www\soundproof-glass-configurator\library\Zend\Controller\Dispatcher\Standard.php(295): Zend_Controller_Action->dispatch('addAction')
#10 C:\wamp64\www\soundproof-glass-configurator\library\Zend\Controller\Front.php(954): Zend_Controller_Dispatcher_Standard->dispatch(Object(Zend_Controller_Request_Http), Object(Zend_Controller_Response_Http))
#11 C:\wamp64\www\soundproof-glass-configurator\library\Zend\Application\Bootstrap\Bootstrap.php(97): Zend_Controller_Front->dispatch()
#12 C:\wamp64\www\soundproof-glass-configurator\library\Zend\Application.php(367): Zend_Application_Bootstrap_Bootstrap->run()
#13 C:\wamp64\www\soundproof-glass-configurator\public\index.php(6): Zend_Application->run()
#14 {main}
2022-05-12T10:43:49+00:00 ERR (3): PDOException: SQLSTATE[HY000]: General error: 1364 Field 'min' doesn't have a default value in C:\wamp64\www\soundproof-glass-configurator\library\Zend\Db\Statement\Pdo.php:228
Stack trace:
#0 C:\wamp64\www\soundproof-glass-configurator\library\Zend\Db\Statement\Pdo.php(228): PDOStatement->execute(Array)
#1 C:\wamp64\www\soundproof-glass-configurator\library\Zend\Db\Statement.php(300): Zend_Db_Statement_Pdo->_execute(Array)
#2 C:\wamp64\www\soundproof-glass-configurator\library\Zend\Db\Adapter\Abstract.php(479): Zend_Db_Statement->execute(Array)
#3 C:\wamp64\www\soundproof-glass-configurator\library\Zend\Db\Adapter\Pdo\Abstract.php(238): Zend_Db_Adapter_Abstract->query('INSERT INTO `at...', Array)
#4 C:\wamp64\www\soundproof-glass-configurator\library\Zend\Db\Adapter\Abstract.php(574): Zend_Db_Adapter_Pdo_Abstract->query('INSERT INTO `at...', Array)
#5 C:\wamp64\www\soundproof-glass-configurator\library\Zend\Db\Table\Abstract.php(1052): Zend_Db_Adapter_Abstract->insert('attributes', Array)
#6 C:\wamp64\www\soundproof-glass-configurator\library\Orion\Model\DbTable.php(71): Zend_Db_Table_Abstract->insert(Array)
#7 C:\wamp64\www\soundproof-glass-configurator\application\models\Attributes\DbTable.php(27): Orion_Model_DbTable->create(Array, NULL, true)
#8 C:\wamp64\www\soundproof-glass-configurator\application\modules\admin\controllers\AttributesController.php(57): App_Model_Attributes_DbTable->create(Array)
#9 C:\wamp64\www\soundproof-glass-configurator\library\Zend\Controller\Action.php(513): Admin_AttributesController->addAction()
#10 C:\wamp64\www\soundproof-glass-configurator\library\Zend\Controller\Dispatcher\Standard.php(295): Zend_Controller_Action->dispatch('addAction')
#11 C:\wamp64\www\soundproof-glass-configurator\library\Zend\Controller\Front.php(954): Zend_Controller_Dispatcher_Standard->dispatch(Object(Zend_Controller_Request_Http), Object(Zend_Controller_Response_Http))
#12 C:\wamp64\www\soundproof-glass-configurator\library\Zend\Application\Bootstrap\Bootstrap.php(97): Zend_Controller_Front->dispatch()
#13 C:\wamp64\www\soundproof-glass-configurator\library\Zend\Application.php(367): Zend_Application_Bootstrap_Bootstrap->run()
#14 C:\wamp64\www\soundproof-glass-configurator\public\index.php(6): Zend_Application->run()
#15 {main}

Next Zend_Db_Statement_Exception: SQLSTATE[HY000]: General error: 1364 Field 'min' doesn't have a default value in C:\wamp64\www\soundproof-glass-configurator\library\Zend\Db\Statement\Pdo.php:234
Stack trace:
#0 C:\wamp64\www\soundproof-glass-configurator\library\Zend\Db\Statement.php(300): Zend_Db_Statement_Pdo->_execute(Array)
#1 C:\wamp64\www\soundproof-glass-configurator\library\Zend\Db\Adapter\Abstract.php(479): Zend_Db_Statement->execute(Array)
#2 C:\wamp64\www\soundproof-glass-configurator\library\Zend\Db\Adapter\Pdo\Abstract.php(238): Zend_Db_Adapter_Abstract->query('INSERT INTO `at...', Array)
#3 C:\wamp64\www\soundproof-glass-configurator\library\Zend\Db\Adapter\Abstract.php(574): Zend_Db_Adapter_Pdo_Abstract->query('INSERT INTO `at...', Array)
#4 C:\wamp64\www\soundproof-glass-configurator\library\Zend\Db\Table\Abstract.php(1052): Zend_Db_Adapter_Abstract->insert('attributes', Array)
#5 C:\wamp64\www\soundproof-glass-configurator\library\Orion\Model\DbTable.php(71): Zend_Db_Table_Abstract->insert(Array)
#6 C:\wamp64\www\soundproof-glass-configurator\application\models\Attributes\DbTable.php(27): Orion_Model_DbTable->create(Array, NULL, true)
#7 C:\wamp64\www\soundproof-glass-configurator\application\modules\admin\controllers\AttributesController.php(57): App_Model_Attributes_DbTable->create(Array)
#8 C:\wamp64\www\soundproof-glass-configurator\library\Zend\Controller\Action.php(513): Admin_AttributesController->addAction()
#9 C:\wamp64\www\soundproof-glass-configurator\library\Zend\Controller\Dispatcher\Standard.php(295): Zend_Controller_Action->dispatch('addAction')
#10 C:\wamp64\www\soundproof-glass-configurator\library\Zend\Controller\Front.php(954): Zend_Controller_Dispatcher_Standard->dispatch(Object(Zend_Controller_Request_Http), Object(Zend_Controller_Response_Http))
#11 C:\wamp64\www\soundproof-glass-configurator\library\Zend\Application\Bootstrap\Bootstrap.php(97): Zend_Controller_Front->dispatch()
#12 C:\wamp64\www\soundproof-glass-configurator\library\Zend\Application.php(367): Zend_Application_Bootstrap_Bootstrap->run()
#13 C:\wamp64\www\soundproof-glass-configurator\public\index.php(6): Zend_Application->run()
#14 {main}
2022-05-12T10:46:04+00:00 ERR (3): PDOException: SQLSTATE[HY000]: General error: 1364 Field 'min' doesn't have a default value in C:\wamp64\www\soundproof-glass-configurator\library\Zend\Db\Statement\Pdo.php:228
Stack trace:
#0 C:\wamp64\www\soundproof-glass-configurator\library\Zend\Db\Statement\Pdo.php(228): PDOStatement->execute(Array)
#1 C:\wamp64\www\soundproof-glass-configurator\library\Zend\Db\Statement.php(300): Zend_Db_Statement_Pdo->_execute(Array)
#2 C:\wamp64\www\soundproof-glass-configurator\library\Zend\Db\Adapter\Abstract.php(479): Zend_Db_Statement->execute(Array)
#3 C:\wamp64\www\soundproof-glass-configurator\library\Zend\Db\Adapter\Pdo\Abstract.php(238): Zend_Db_Adapter_Abstract->query('INSERT INTO `at...', Array)
#4 C:\wamp64\www\soundproof-glass-configurator\library\Zend\Db\Adapter\Abstract.php(574): Zend_Db_Adapter_Pdo_Abstract->query('INSERT INTO `at...', Array)
#5 C:\wamp64\www\soundproof-glass-configurator\library\Zend\Db\Table\Abstract.php(1052): Zend_Db_Adapter_Abstract->insert('attributes', Array)
#6 C:\wamp64\www\soundproof-glass-configurator\library\Orion\Model\DbTable.php(71): Zend_Db_Table_Abstract->insert(Array)
#7 C:\wamp64\www\soundproof-glass-configurator\application\models\Attributes\DbTable.php(27): Orion_Model_DbTable->create(Array, NULL, true)
#8 C:\wamp64\www\soundproof-glass-configurator\application\modules\admin\controllers\AttributesController.php(57): App_Model_Attributes_DbTable->create(Array)
#9 C:\wamp64\www\soundproof-glass-configurator\library\Zend\Controller\Action.php(513): Admin_AttributesController->addAction()
#10 C:\wamp64\www\soundproof-glass-configurator\library\Zend\Controller\Dispatcher\Standard.php(295): Zend_Controller_Action->dispatch('addAction')
#11 C:\wamp64\www\soundproof-glass-configurator\library\Zend\Controller\Front.php(954): Zend_Controller_Dispatcher_Standard->dispatch(Object(Zend_Controller_Request_Http), Object(Zend_Controller_Response_Http))
#12 C:\wamp64\www\soundproof-glass-configurator\library\Zend\Application\Bootstrap\Bootstrap.php(97): Zend_Controller_Front->dispatch()
#13 C:\wamp64\www\soundproof-glass-configurator\library\Zend\Application.php(367): Zend_Application_Bootstrap_Bootstrap->run()
#14 C:\wamp64\www\soundproof-glass-configurator\public\index.php(6): Zend_Application->run()
#15 {main}

Next Zend_Db_Statement_Exception: SQLSTATE[HY000]: General error: 1364 Field 'min' doesn't have a default value in C:\wamp64\www\soundproof-glass-configurator\library\Zend\Db\Statement\Pdo.php:234
Stack trace:
#0 C:\wamp64\www\soundproof-glass-configurator\library\Zend\Db\Statement.php(300): Zend_Db_Statement_Pdo->_execute(Array)
#1 C:\wamp64\www\soundproof-glass-configurator\library\Zend\Db\Adapter\Abstract.php(479): Zend_Db_Statement->execute(Array)
#2 C:\wamp64\www\soundproof-glass-configurator\library\Zend\Db\Adapter\Pdo\Abstract.php(238): Zend_Db_Adapter_Abstract->query('INSERT INTO `at...', Array)
#3 C:\wamp64\www\soundproof-glass-configurator\library\Zend\Db\Adapter\Abstract.php(574): Zend_Db_Adapter_Pdo_Abstract->query('INSERT INTO `at...', Array)
#4 C:\wamp64\www\soundproof-glass-configurator\library\Zend\Db\Table\Abstract.php(1052): Zend_Db_Adapter_Abstract->insert('attributes', Array)
#5 C:\wamp64\www\soundproof-glass-configurator\library\Orion\Model\DbTable.php(71): Zend_Db_Table_Abstract->insert(Array)
#6 C:\wamp64\www\soundproof-glass-configurator\application\models\Attributes\DbTable.php(27): Orion_Model_DbTable->create(Array, NULL, true)
#7 C:\wamp64\www\soundproof-glass-configurator\application\modules\admin\controllers\AttributesController.php(57): App_Model_Attributes_DbTable->create(Array)
#8 C:\wamp64\www\soundproof-glass-configurator\library\Zend\Controller\Action.php(513): Admin_AttributesController->addAction()
#9 C:\wamp64\www\soundproof-glass-configurator\library\Zend\Controller\Dispatcher\Standard.php(295): Zend_Controller_Action->dispatch('addAction')
#10 C:\wamp64\www\soundproof-glass-configurator\library\Zend\Controller\Front.php(954): Zend_Controller_Dispatcher_Standard->dispatch(Object(Zend_Controller_Request_Http), Object(Zend_Controller_Response_Http))
#11 C:\wamp64\www\soundproof-glass-configurator\library\Zend\Application\Bootstrap\Bootstrap.php(97): Zend_Controller_Front->dispatch()
#12 C:\wamp64\www\soundproof-glass-configurator\library\Zend\Application.php(367): Zend_Application_Bootstrap_Bootstrap->run()
#13 C:\wamp64\www\soundproof-glass-configurator\public\index.php(6): Zend_Application->run()
#14 {main}
2022-05-12T10:50:08+00:00 ERR (3): PDOException: SQLSTATE[HY000]: General error: 1364 Field 'min' doesn't have a default value in C:\wamp64\www\soundproof-glass-configurator\library\Zend\Db\Statement\Pdo.php:228
Stack trace:
#0 C:\wamp64\www\soundproof-glass-configurator\library\Zend\Db\Statement\Pdo.php(228): PDOStatement->execute(Array)
#1 C:\wamp64\www\soundproof-glass-configurator\library\Zend\Db\Statement.php(300): Zend_Db_Statement_Pdo->_execute(Array)
#2 C:\wamp64\www\soundproof-glass-configurator\library\Zend\Db\Adapter\Abstract.php(479): Zend_Db_Statement->execute(Array)
#3 C:\wamp64\www\soundproof-glass-configurator\library\Zend\Db\Adapter\Pdo\Abstract.php(238): Zend_Db_Adapter_Abstract->query('INSERT INTO `at...', Array)
#4 C:\wamp64\www\soundproof-glass-configurator\library\Zend\Db\Adapter\Abstract.php(574): Zend_Db_Adapter_Pdo_Abstract->query('INSERT INTO `at...', Array)
#5 C:\wamp64\www\soundproof-glass-configurator\library\Zend\Db\Table\Abstract.php(1052): Zend_Db_Adapter_Abstract->insert('attributes', Array)
#6 C:\wamp64\www\soundproof-glass-configurator\library\Orion\Model\DbTable.php(71): Zend_Db_Table_Abstract->insert(Array)
#7 C:\wamp64\www\soundproof-glass-configurator\application\models\Attributes\DbTable.php(27): Orion_Model_DbTable->create(Array, NULL, true)
#8 C:\wamp64\www\soundproof-glass-configurator\application\modules\admin\controllers\AttributesController.php(57): App_Model_Attributes_DbTable->create(Array)
#9 C:\wamp64\www\soundproof-glass-configurator\library\Zend\Controller\Action.php(513): Admin_AttributesController->addAction()
#10 C:\wamp64\www\soundproof-glass-configurator\library\Zend\Controller\Dispatcher\Standard.php(295): Zend_Controller_Action->dispatch('addAction')
#11 C:\wamp64\www\soundproof-glass-configurator\library\Zend\Controller\Front.php(954): Zend_Controller_Dispatcher_Standard->dispatch(Object(Zend_Controller_Request_Http), Object(Zend_Controller_Response_Http))
#12 C:\wamp64\www\soundproof-glass-configurator\library\Zend\Application\Bootstrap\Bootstrap.php(97): Zend_Controller_Front->dispatch()
#13 C:\wamp64\www\soundproof-glass-configurator\library\Zend\Application.php(367): Zend_Application_Bootstrap_Bootstrap->run()
#14 C:\wamp64\www\soundproof-glass-configurator\public\index.php(6): Zend_Application->run()
#15 {main}

Next Zend_Db_Statement_Exception: SQLSTATE[HY000]: General error: 1364 Field 'min' doesn't have a default value in C:\wamp64\www\soundproof-glass-configurator\library\Zend\Db\Statement\Pdo.php:234
Stack trace:
#0 C:\wamp64\www\soundproof-glass-configurator\library\Zend\Db\Statement.php(300): Zend_Db_Statement_Pdo->_execute(Array)
#1 C:\wamp64\www\soundproof-glass-configurator\library\Zend\Db\Adapter\Abstract.php(479): Zend_Db_Statement->execute(Array)
#2 C:\wamp64\www\soundproof-glass-configurator\library\Zend\Db\Adapter\Pdo\Abstract.php(238): Zend_Db_Adapter_Abstract->query('INSERT INTO `at...', Array)
#3 C:\wamp64\www\soundproof-glass-configurator\library\Zend\Db\Adapter\Abstract.php(574): Zend_Db_Adapter_Pdo_Abstract->query('INSERT INTO `at...', Array)
#4 C:\wamp64\www\soundproof-glass-configurator\library\Zend\Db\Table\Abstract.php(1052): Zend_Db_Adapter_Abstract->insert('attributes', Array)
#5 C:\wamp64\www\soundproof-glass-configurator\library\Orion\Model\DbTable.php(71): Zend_Db_Table_Abstract->insert(Array)
#6 C:\wamp64\www\soundproof-glass-configurator\application\models\Attributes\DbTable.php(27): Orion_Model_DbTable->create(Array, NULL, true)
#7 C:\wamp64\www\soundproof-glass-configurator\application\modules\admin\controllers\AttributesController.php(57): App_Model_Attributes_DbTable->create(Array)
#8 C:\wamp64\www\soundproof-glass-configurator\library\Zend\Controller\Action.php(513): Admin_AttributesController->addAction()
#9 C:\wamp64\www\soundproof-glass-configurator\library\Zend\Controller\Dispatcher\Standard.php(295): Zend_Controller_Action->dispatch('addAction')
#10 C:\wamp64\www\soundproof-glass-configurator\library\Zend\Controller\Front.php(954): Zend_Controller_Dispatcher_Standard->dispatch(Object(Zend_Controller_Request_Http), Object(Zend_Controller_Response_Http))
#11 C:\wamp64\www\soundproof-glass-configurator\library\Zend\Application\Bootstrap\Bootstrap.php(97): Zend_Controller_Front->dispatch()
#12 C:\wamp64\www\soundproof-glass-configurator\library\Zend\Application.php(367): Zend_Application_Bootstrap_Bootstrap->run()
#13 C:\wamp64\www\soundproof-glass-configurator\public\index.php(6): Zend_Application->run()
#14 {main}
2022-05-12T10:52:21+00:00 ERR (3): PDOException: SQLSTATE[HY000]: General error: 1364 Field 'min' doesn't have a default value in C:\wamp64\www\soundproof-glass-configurator\library\Zend\Db\Statement\Pdo.php:228
Stack trace:
#0 C:\wamp64\www\soundproof-glass-configurator\library\Zend\Db\Statement\Pdo.php(228): PDOStatement->execute(Array)
#1 C:\wamp64\www\soundproof-glass-configurator\library\Zend\Db\Statement.php(300): Zend_Db_Statement_Pdo->_execute(Array)
#2 C:\wamp64\www\soundproof-glass-configurator\library\Zend\Db\Adapter\Abstract.php(479): Zend_Db_Statement->execute(Array)
#3 C:\wamp64\www\soundproof-glass-configurator\library\Zend\Db\Adapter\Pdo\Abstract.php(238): Zend_Db_Adapter_Abstract->query('INSERT INTO `at...', Array)
#4 C:\wamp64\www\soundproof-glass-configurator\library\Zend\Db\Adapter\Abstract.php(574): Zend_Db_Adapter_Pdo_Abstract->query('INSERT INTO `at...', Array)
#5 C:\wamp64\www\soundproof-glass-configurator\library\Zend\Db\Table\Abstract.php(1052): Zend_Db_Adapter_Abstract->insert('attributes', Array)
#6 C:\wamp64\www\soundproof-glass-configurator\library\Orion\Model\DbTable.php(71): Zend_Db_Table_Abstract->insert(Array)
#7 C:\wamp64\www\soundproof-glass-configurator\application\models\Attributes\DbTable.php(27): Orion_Model_DbTable->create(Array, NULL, true)
#8 C:\wamp64\www\soundproof-glass-configurator\application\modules\admin\controllers\AttributesController.php(57): App_Model_Attributes_DbTable->create(Array)
#9 C:\wamp64\www\soundproof-glass-configurator\library\Zend\Controller\Action.php(513): Admin_AttributesController->addAction()
#10 C:\wamp64\www\soundproof-glass-configurator\library\Zend\Controller\Dispatcher\Standard.php(295): Zend_Controller_Action->dispatch('addAction')
#11 C:\wamp64\www\soundproof-glass-configurator\library\Zend\Controller\Front.php(954): Zend_Controller_Dispatcher_Standard->dispatch(Object(Zend_Controller_Request_Http), Object(Zend_Controller_Response_Http))
#12 C:\wamp64\www\soundproof-glass-configurator\library\Zend\Application\Bootstrap\Bootstrap.php(97): Zend_Controller_Front->dispatch()
#13 C:\wamp64\www\soundproof-glass-configurator\library\Zend\Application.php(367): Zend_Application_Bootstrap_Bootstrap->run()
#14 C:\wamp64\www\soundproof-glass-configurator\public\index.php(6): Zend_Application->run()
#15 {main}

Next Zend_Db_Statement_Exception: SQLSTATE[HY000]: General error: 1364 Field 'min' doesn't have a default value in C:\wamp64\www\soundproof-glass-configurator\library\Zend\Db\Statement\Pdo.php:234
Stack trace:
#0 C:\wamp64\www\soundproof-glass-configurator\library\Zend\Db\Statement.php(300): Zend_Db_Statement_Pdo->_execute(Array)
#1 C:\wamp64\www\soundproof-glass-configurator\library\Zend\Db\Adapter\Abstract.php(479): Zend_Db_Statement->execute(Array)
#2 C:\wamp64\www\soundproof-glass-configurator\library\Zend\Db\Adapter\Pdo\Abstract.php(238): Zend_Db_Adapter_Abstract->query('INSERT INTO `at...', Array)
#3 C:\wamp64\www\soundproof-glass-configurator\library\Zend\Db\Adapter\Abstract.php(574): Zend_Db_Adapter_Pdo_Abstract->query('INSERT INTO `at...', Array)
#4 C:\wamp64\www\soundproof-glass-configurator\library\Zend\Db\Table\Abstract.php(1052): Zend_Db_Adapter_Abstract->insert('attributes', Array)
#5 C:\wamp64\www\soundproof-glass-configurator\library\Orion\Model\DbTable.php(71): Zend_Db_Table_Abstract->insert(Array)
#6 C:\wamp64\www\soundproof-glass-configurator\application\models\Attributes\DbTable.php(27): Orion_Model_DbTable->create(Array, NULL, true)
#7 C:\wamp64\www\soundproof-glass-configurator\application\modules\admin\controllers\AttributesController.php(57): App_Model_Attributes_DbTable->create(Array)
#8 C:\wamp64\www\soundproof-glass-configurator\library\Zend\Controller\Action.php(513): Admin_AttributesController->addAction()
#9 C:\wamp64\www\soundproof-glass-configurator\library\Zend\Controller\Dispatcher\Standard.php(295): Zend_Controller_Action->dispatch('addAction')
#10 C:\wamp64\www\soundproof-glass-configurator\library\Zend\Controller\Front.php(954): Zend_Controller_Dispatcher_Standard->dispatch(Object(Zend_Controller_Request_Http), Object(Zend_Controller_Response_Http))
#11 C:\wamp64\www\soundproof-glass-configurator\library\Zend\Application\Bootstrap\Bootstrap.php(97): Zend_Controller_Front->dispatch()
#12 C:\wamp64\www\soundproof-glass-configurator\library\Zend\Application.php(367): Zend_Application_Bootstrap_Bootstrap->run()
#13 C:\wamp64\www\soundproof-glass-configurator\public\index.php(6): Zend_Application->run()
#14 {main}
2022-05-12T10:52:36+00:00 ERR (3): PDOException: SQLSTATE[HY000]: General error: 1364 Field 'min' doesn't have a default value in C:\wamp64\www\soundproof-glass-configurator\library\Zend\Db\Statement\Pdo.php:228
Stack trace:
#0 C:\wamp64\www\soundproof-glass-configurator\library\Zend\Db\Statement\Pdo.php(228): PDOStatement->execute(Array)
#1 C:\wamp64\www\soundproof-glass-configurator\library\Zend\Db\Statement.php(300): Zend_Db_Statement_Pdo->_execute(Array)
#2 C:\wamp64\www\soundproof-glass-configurator\library\Zend\Db\Adapter\Abstract.php(479): Zend_Db_Statement->execute(Array)
#3 C:\wamp64\www\soundproof-glass-configurator\library\Zend\Db\Adapter\Pdo\Abstract.php(238): Zend_Db_Adapter_Abstract->query('INSERT INTO `at...', Array)
#4 C:\wamp64\www\soundproof-glass-configurator\library\Zend\Db\Adapter\Abstract.php(574): Zend_Db_Adapter_Pdo_Abstract->query('INSERT INTO `at...', Array)
#5 C:\wamp64\www\soundproof-glass-configurator\library\Zend\Db\Table\Abstract.php(1052): Zend_Db_Adapter_Abstract->insert('attributes', Array)
#6 C:\wamp64\www\soundproof-glass-configurator\library\Orion\Model\DbTable.php(71): Zend_Db_Table_Abstract->insert(Array)
#7 C:\wamp64\www\soundproof-glass-configurator\application\models\Attributes\DbTable.php(27): Orion_Model_DbTable->create(Array, NULL, true)
#8 C:\wamp64\www\soundproof-glass-configurator\application\modules\admin\controllers\AttributesController.php(57): App_Model_Attributes_DbTable->create(Array)
#9 C:\wamp64\www\soundproof-glass-configurator\library\Zend\Controller\Action.php(513): Admin_AttributesController->addAction()
#10 C:\wamp64\www\soundproof-glass-configurator\library\Zend\Controller\Dispatcher\Standard.php(295): Zend_Controller_Action->dispatch('addAction')
#11 C:\wamp64\www\soundproof-glass-configurator\library\Zend\Controller\Front.php(954): Zend_Controller_Dispatcher_Standard->dispatch(Object(Zend_Controller_Request_Http), Object(Zend_Controller_Response_Http))
#12 C:\wamp64\www\soundproof-glass-configurator\library\Zend\Application\Bootstrap\Bootstrap.php(97): Zend_Controller_Front->dispatch()
#13 C:\wamp64\www\soundproof-glass-configurator\library\Zend\Application.php(367): Zend_Application_Bootstrap_Bootstrap->run()
#14 C:\wamp64\www\soundproof-glass-configurator\public\index.php(6): Zend_Application->run()
#15 {main}

Next Zend_Db_Statement_Exception: SQLSTATE[HY000]: General error: 1364 Field 'min' doesn't have a default value in C:\wamp64\www\soundproof-glass-configurator\library\Zend\Db\Statement\Pdo.php:234
Stack trace:
#0 C:\wamp64\www\soundproof-glass-configurator\library\Zend\Db\Statement.php(300): Zend_Db_Statement_Pdo->_execute(Array)
#1 C:\wamp64\www\soundproof-glass-configurator\library\Zend\Db\Adapter\Abstract.php(479): Zend_Db_Statement->execute(Array)
#2 C:\wamp64\www\soundproof-glass-configurator\library\Zend\Db\Adapter\Pdo\Abstract.php(238): Zend_Db_Adapter_Abstract->query('INSERT INTO `at...', Array)
#3 C:\wamp64\www\soundproof-glass-configurator\library\Zend\Db\Adapter\Abstract.php(574): Zend_Db_Adapter_Pdo_Abstract->query('INSERT INTO `at...', Array)
#4 C:\wamp64\www\soundproof-glass-configurator\library\Zend\Db\Table\Abstract.php(1052): Zend_Db_Adapter_Abstract->insert('attributes', Array)
#5 C:\wamp64\www\soundproof-glass-configurator\library\Orion\Model\DbTable.php(71): Zend_Db_Table_Abstract->insert(Array)
#6 C:\wamp64\www\soundproof-glass-configurator\application\models\Attributes\DbTable.php(27): Orion_Model_DbTable->create(Array, NULL, true)
#7 C:\wamp64\www\soundproof-glass-configurator\application\modules\admin\controllers\AttributesController.php(57): App_Model_Attributes_DbTable->create(Array)
#8 C:\wamp64\www\soundproof-glass-configurator\library\Zend\Controller\Action.php(513): Admin_AttributesController->addAction()
#9 C:\wamp64\www\soundproof-glass-configurator\library\Zend\Controller\Dispatcher\Standard.php(295): Zend_Controller_Action->dispatch('addAction')
#10 C:\wamp64\www\soundproof-glass-configurator\library\Zend\Controller\Front.php(954): Zend_Controller_Dispatcher_Standard->dispatch(Object(Zend_Controller_Request_Http), Object(Zend_Controller_Response_Http))
#11 C:\wamp64\www\soundproof-glass-configurator\library\Zend\Application\Bootstrap\Bootstrap.php(97): Zend_Controller_Front->dispatch()
#12 C:\wamp64\www\soundproof-glass-configurator\library\Zend\Application.php(367): Zend_Application_Bootstrap_Bootstrap->run()
#13 C:\wamp64\www\soundproof-glass-configurator\public\index.php(6): Zend_Application->run()
#14 {main}
2022-05-12T10:53:39+00:00 ERR (3): PDOException: SQLSTATE[HY000]: General error: 1364 Field 'min' doesn't have a default value in C:\wamp64\www\soundproof-glass-configurator\library\Zend\Db\Statement\Pdo.php:228
Stack trace:
#0 C:\wamp64\www\soundproof-glass-configurator\library\Zend\Db\Statement\Pdo.php(228): PDOStatement->execute(Array)
#1 C:\wamp64\www\soundproof-glass-configurator\library\Zend\Db\Statement.php(300): Zend_Db_Statement_Pdo->_execute(Array)
#2 C:\wamp64\www\soundproof-glass-configurator\library\Zend\Db\Adapter\Abstract.php(479): Zend_Db_Statement->execute(Array)
#3 C:\wamp64\www\soundproof-glass-configurator\library\Zend\Db\Adapter\Pdo\Abstract.php(238): Zend_Db_Adapter_Abstract->query('INSERT INTO `at...', Array)
#4 C:\wamp64\www\soundproof-glass-configurator\library\Zend\Db\Adapter\Abstract.php(574): Zend_Db_Adapter_Pdo_Abstract->query('INSERT INTO `at...', Array)
#5 C:\wamp64\www\soundproof-glass-configurator\library\Zend\Db\Table\Abstract.php(1052): Zend_Db_Adapter_Abstract->insert('attributes', Array)
#6 C:\wamp64\www\soundproof-glass-configurator\library\Orion\Model\DbTable.php(71): Zend_Db_Table_Abstract->insert(Array)
#7 C:\wamp64\www\soundproof-glass-configurator\application\models\Attributes\DbTable.php(27): Orion_Model_DbTable->create(Array, NULL, true)
#8 C:\wamp64\www\soundproof-glass-configurator\application\modules\admin\controllers\AttributesController.php(57): App_Model_Attributes_DbTable->create(Array)
#9 C:\wamp64\www\soundproof-glass-configurator\library\Zend\Controller\Action.php(513): Admin_AttributesController->addAction()
#10 C:\wamp64\www\soundproof-glass-configurator\library\Zend\Controller\Dispatcher\Standard.php(295): Zend_Controller_Action->dispatch('addAction')
#11 C:\wamp64\www\soundproof-glass-configurator\library\Zend\Controller\Front.php(954): Zend_Controller_Dispatcher_Standard->dispatch(Object(Zend_Controller_Request_Http), Object(Zend_Controller_Response_Http))
#12 C:\wamp64\www\soundproof-glass-configurator\library\Zend\Application\Bootstrap\Bootstrap.php(97): Zend_Controller_Front->dispatch()
#13 C:\wamp64\www\soundproof-glass-configurator\library\Zend\Application.php(367): Zend_Application_Bootstrap_Bootstrap->run()
#14 C:\wamp64\www\soundproof-glass-configurator\public\index.php(6): Zend_Application->run()
#15 {main}

Next Zend_Db_Statement_Exception: SQLSTATE[HY000]: General error: 1364 Field 'min' doesn't have a default value in C:\wamp64\www\soundproof-glass-configurator\library\Zend\Db\Statement\Pdo.php:234
Stack trace:
#0 C:\wamp64\www\soundproof-glass-configurator\library\Zend\Db\Statement.php(300): Zend_Db_Statement_Pdo->_execute(Array)
#1 C:\wamp64\www\soundproof-glass-configurator\library\Zend\Db\Adapter\Abstract.php(479): Zend_Db_Statement->execute(Array)
#2 C:\wamp64\www\soundproof-glass-configurator\library\Zend\Db\Adapter\Pdo\Abstract.php(238): Zend_Db_Adapter_Abstract->query('INSERT INTO `at...', Array)
#3 C:\wamp64\www\soundproof-glass-configurator\library\Zend\Db\Adapter\Abstract.php(574): Zend_Db_Adapter_Pdo_Abstract->query('INSERT INTO `at...', Array)
#4 C:\wamp64\www\soundproof-glass-configurator\library\Zend\Db\Table\Abstract.php(1052): Zend_Db_Adapter_Abstract->insert('attributes', Array)
#5 C:\wamp64\www\soundproof-glass-configurator\library\Orion\Model\DbTable.php(71): Zend_Db_Table_Abstract->insert(Array)
#6 C:\wamp64\www\soundproof-glass-configurator\application\models\Attributes\DbTable.php(27): Orion_Model_DbTable->create(Array, NULL, true)
#7 C:\wamp64\www\soundproof-glass-configurator\application\modules\admin\controllers\AttributesController.php(57): App_Model_Attributes_DbTable->create(Array)
#8 C:\wamp64\www\soundproof-glass-configurator\library\Zend\Controller\Action.php(513): Admin_AttributesController->addAction()
#9 C:\wamp64\www\soundproof-glass-configurator\library\Zend\Controller\Dispatcher\Standard.php(295): Zend_Controller_Action->dispatch('addAction')
#10 C:\wamp64\www\soundproof-glass-configurator\library\Zend\Controller\Front.php(954): Zend_Controller_Dispatcher_Standard->dispatch(Object(Zend_Controller_Request_Http), Object(Zend_Controller_Response_Http))
#11 C:\wamp64\www\soundproof-glass-configurator\library\Zend\Application\Bootstrap\Bootstrap.php(97): Zend_Controller_Front->dispatch()
#12 C:\wamp64\www\soundproof-glass-configurator\library\Zend\Application.php(367): Zend_Application_Bootstrap_Bootstrap->run()
#13 C:\wamp64\www\soundproof-glass-configurator\public\index.php(6): Zend_Application->run()
#14 {main}
2022-05-12T11:30:52+00:00 ERR (3): PDOException: SQLSTATE[HY000]: General error: 1364 Field 'min' doesn't have a default value in C:\wamp64\www\soundproof-glass-configurator\library\Zend\Db\Statement\Pdo.php:228
Stack trace:
#0 C:\wamp64\www\soundproof-glass-configurator\library\Zend\Db\Statement\Pdo.php(228): PDOStatement->execute(Array)
#1 C:\wamp64\www\soundproof-glass-configurator\library\Zend\Db\Statement.php(300): Zend_Db_Statement_Pdo->_execute(Array)
#2 C:\wamp64\www\soundproof-glass-configurator\library\Zend\Db\Adapter\Abstract.php(479): Zend_Db_Statement->execute(Array)
#3 C:\wamp64\www\soundproof-glass-configurator\library\Zend\Db\Adapter\Pdo\Abstract.php(238): Zend_Db_Adapter_Abstract->query('INSERT INTO `at...', Array)
#4 C:\wamp64\www\soundproof-glass-configurator\library\Zend\Db\Adapter\Abstract.php(574): Zend_Db_Adapter_Pdo_Abstract->query('INSERT INTO `at...', Array)
#5 C:\wamp64\www\soundproof-glass-configurator\library\Zend\Db\Table\Abstract.php(1052): Zend_Db_Adapter_Abstract->insert('attributes', Array)
#6 C:\wamp64\www\soundproof-glass-configurator\library\Orion\Model\DbTable.php(71): Zend_Db_Table_Abstract->insert(Array)
#7 C:\wamp64\www\soundproof-glass-configurator\application\models\Attributes\DbTable.php(27): Orion_Model_DbTable->create(Array, NULL, true)
#8 C:\wamp64\www\soundproof-glass-configurator\application\modules\admin\controllers\AttributesController.php(57): App_Model_Attributes_DbTable->create(Array)
#9 C:\wamp64\www\soundproof-glass-configurator\library\Zend\Controller\Action.php(513): Admin_AttributesController->addAction()
#10 C:\wamp64\www\soundproof-glass-configurator\library\Zend\Controller\Dispatcher\Standard.php(295): Zend_Controller_Action->dispatch('addAction')
#11 C:\wamp64\www\soundproof-glass-configurator\library\Zend\Controller\Front.php(954): Zend_Controller_Dispatcher_Standard->dispatch(Object(Zend_Controller_Request_Http), Object(Zend_Controller_Response_Http))
#12 C:\wamp64\www\soundproof-glass-configurator\library\Zend\Application\Bootstrap\Bootstrap.php(97): Zend_Controller_Front->dispatch()
#13 C:\wamp64\www\soundproof-glass-configurator\library\Zend\Application.php(367): Zend_Application_Bootstrap_Bootstrap->run()
#14 C:\wamp64\www\soundproof-glass-configurator\public\index.php(6): Zend_Application->run()
#15 {main}

Next Zend_Db_Statement_Exception: SQLSTATE[HY000]: General error: 1364 Field 'min' doesn't have a default value in C:\wamp64\www\soundproof-glass-configurator\library\Zend\Db\Statement\Pdo.php:234
Stack trace:
#0 C:\wamp64\www\soundproof-glass-configurator\library\Zend\Db\Statement.php(300): Zend_Db_Statement_Pdo->_execute(Array)
#1 C:\wamp64\www\soundproof-glass-configurator\library\Zend\Db\Adapter\Abstract.php(479): Zend_Db_Statement->execute(Array)
#2 C:\wamp64\www\soundproof-glass-configurator\library\Zend\Db\Adapter\Pdo\Abstract.php(238): Zend_Db_Adapter_Abstract->query('INSERT INTO `at...', Array)
#3 C:\wamp64\www\soundproof-glass-configurator\library\Zend\Db\Adapter\Abstract.php(574): Zend_Db_Adapter_Pdo_Abstract->query('INSERT INTO `at...', Array)
#4 C:\wamp64\www\soundproof-glass-configurator\library\Zend\Db\Table\Abstract.php(1052): Zend_Db_Adapter_Abstract->insert('attributes', Array)
#5 C:\wamp64\www\soundproof-glass-configurator\library\Orion\Model\DbTable.php(71): Zend_Db_Table_Abstract->insert(Array)
#6 C:\wamp64\www\soundproof-glass-configurator\application\models\Attributes\DbTable.php(27): Orion_Model_DbTable->create(Array, NULL, true)
#7 C:\wamp64\www\soundproof-glass-configurator\application\modules\admin\controllers\AttributesController.php(57): App_Model_Attributes_DbTable->create(Array)
#8 C:\wamp64\www\soundproof-glass-configurator\library\Zend\Controller\Action.php(513): Admin_AttributesController->addAction()
#9 C:\wamp64\www\soundproof-glass-configurator\library\Zend\Controller\Dispatcher\Standard.php(295): Zend_Controller_Action->dispatch('addAction')
#10 C:\wamp64\www\soundproof-glass-configurator\library\Zend\Controller\Front.php(954): Zend_Controller_Dispatcher_Standard->dispatch(Object(Zend_Controller_Request_Http), Object(Zend_Controller_Response_Http))
#11 C:\wamp64\www\soundproof-glass-configurator\library\Zend\Application\Bootstrap\Bootstrap.php(97): Zend_Controller_Front->dispatch()
#12 C:\wamp64\www\soundproof-glass-configurator\library\Zend\Application.php(367): Zend_Application_Bootstrap_Bootstrap->run()
#13 C:\wamp64\www\soundproof-glass-configurator\public\index.php(6): Zend_Application->run()
#14 {main}
2022-05-19T13:13:02+00:00 ERR (3): PDOException: SQLSTATE[42S22]: Column not found: 1054 Unknown column 'min' in 'field list' in C:\wamp64\www\soundproof-glass-configurator\library\Zend\Db\Statement\Pdo.php:228
Stack trace:
#0 C:\wamp64\www\soundproof-glass-configurator\library\Zend\Db\Statement\Pdo.php(228): PDOStatement->execute(Array)
#1 C:\wamp64\www\soundproof-glass-configurator\library\Zend\Db\Statement.php(300): Zend_Db_Statement_Pdo->_execute(Array)
#2 C:\wamp64\www\soundproof-glass-configurator\library\Zend\Db\Adapter\Abstract.php(479): Zend_Db_Statement->execute(Array)
#3 C:\wamp64\www\soundproof-glass-configurator\library\Zend\Db\Adapter\Pdo\Abstract.php(238): Zend_Db_Adapter_Abstract->query('INSERT INTO `at...', Array)
#4 C:\wamp64\www\soundproof-glass-configurator\library\Zend\Db\Adapter\Abstract.php(574): Zend_Db_Adapter_Pdo_Abstract->query('INSERT INTO `at...', Array)
#5 C:\wamp64\www\soundproof-glass-configurator\library\Zend\Db\Table\Abstract.php(1052): Zend_Db_Adapter_Abstract->insert('attributes', Array)
#6 C:\wamp64\www\soundproof-glass-configurator\library\Orion\Model\DbTable.php(71): Zend_Db_Table_Abstract->insert(Array)
#7 C:\wamp64\www\soundproof-glass-configurator\application\models\Attributes\DbTable.php(27): Orion_Model_DbTable->create(Array, NULL, true)
#8 C:\wamp64\www\soundproof-glass-configurator\application\modules\admin\controllers\AttributesController.php(57): App_Model_Attributes_DbTable->create(Array)
#9 C:\wamp64\www\soundproof-glass-configurator\library\Zend\Controller\Action.php(513): Admin_AttributesController->addAction()
#10 C:\wamp64\www\soundproof-glass-configurator\library\Zend\Controller\Dispatcher\Standard.php(295): Zend_Controller_Action->dispatch('addAction')
#11 C:\wamp64\www\soundproof-glass-configurator\library\Zend\Controller\Front.php(954): Zend_Controller_Dispatcher_Standard->dispatch(Object(Zend_Controller_Request_Http), Object(Zend_Controller_Response_Http))
#12 C:\wamp64\www\soundproof-glass-configurator\library\Zend\Application\Bootstrap\Bootstrap.php(97): Zend_Controller_Front->dispatch()
#13 C:\wamp64\www\soundproof-glass-configurator\library\Zend\Application.php(367): Zend_Application_Bootstrap_Bootstrap->run()
#14 C:\wamp64\www\soundproof-glass-configurator\public\index.php(6): Zend_Application->run()
#15 {main}

Next Zend_Db_Statement_Exception: SQLSTATE[42S22]: Column not found: 1054 Unknown column 'min' in 'field list' in C:\wamp64\www\soundproof-glass-configurator\library\Zend\Db\Statement\Pdo.php:234
Stack trace:
#0 C:\wamp64\www\soundproof-glass-configurator\library\Zend\Db\Statement.php(300): Zend_Db_Statement_Pdo->_execute(Array)
#1 C:\wamp64\www\soundproof-glass-configurator\library\Zend\Db\Adapter\Abstract.php(479): Zend_Db_Statement->execute(Array)
#2 C:\wamp64\www\soundproof-glass-configurator\library\Zend\Db\Adapter\Pdo\Abstract.php(238): Zend_Db_Adapter_Abstract->query('INSERT INTO `at...', Array)
#3 C:\wamp64\www\soundproof-glass-configurator\library\Zend\Db\Adapter\Abstract.php(574): Zend_Db_Adapter_Pdo_Abstract->query('INSERT INTO `at...', Array)
#4 C:\wamp64\www\soundproof-glass-configurator\library\Zend\Db\Table\Abstract.php(1052): Zend_Db_Adapter_Abstract->insert('attributes', Array)
#5 C:\wamp64\www\soundproof-glass-configurator\library\Orion\Model\DbTable.php(71): Zend_Db_Table_Abstract->insert(Array)
#6 C:\wamp64\www\soundproof-glass-configurator\application\models\Attributes\DbTable.php(27): Orion_Model_DbTable->create(Array, NULL, true)
#7 C:\wamp64\www\soundproof-glass-configurator\application\modules\admin\controllers\AttributesController.php(57): App_Model_Attributes_DbTable->create(Array)
#8 C:\wamp64\www\soundproof-glass-configurator\library\Zend\Controller\Action.php(513): Admin_AttributesController->addAction()
#9 C:\wamp64\www\soundproof-glass-configurator\library\Zend\Controller\Dispatcher\Standard.php(295): Zend_Controller_Action->dispatch('addAction')
#10 C:\wamp64\www\soundproof-glass-configurator\library\Zend\Controller\Front.php(954): Zend_Controller_Dispatcher_Standard->dispatch(Object(Zend_Controller_Request_Http), Object(Zend_Controller_Response_Http))
#11 C:\wamp64\www\soundproof-glass-configurator\library\Zend\Application\Bootstrap\Bootstrap.php(97): Zend_Controller_Front->dispatch()
#12 C:\wamp64\www\soundproof-glass-configurator\library\Zend\Application.php(367): Zend_Application_Bootstrap_Bootstrap->run()
#13 C:\wamp64\www\soundproof-glass-configurator\public\index.php(6): Zend_Application->run()
#14 {main}
